#
# There is insufficient memory for the Java Runtime Environment to continue.
# Native memory allocation (malloc) failed to allocate 692496 bytes for Chunk::new
# Possible reasons:
#   The system is out of physical RAM or swap space
#   In 32 bit mode, the process size limit was hit
# Possible solutions:
#   Reduce memory load on the system
#   Increase physical memory or swap space
#   Check if swap backing store is full
#   Use 64 bit Java on a 64 bit OS
#   Decrease Java heap size (-Xmx/-Xms)
#   Decrease number of Java threads
#   Decrease Java thread stack sizes (-Xss)
#   Set larger code cache with -XX:ReservedCodeCacheSize=
# This output file may be truncated or incomplete.
#
#  Out of Memory Error (allocation.cpp:390), pid=73348, tid=0x0000000000047eac
#
# JRE version: Java(TM) SE Runtime Environment (8.0_151-b12) (build 1.8.0_151-b12)
# Java VM: Java HotSpot(TM) 64-Bit Server VM (25.151-b12 mixed mode windows-amd64 compressed oops)
# Failed to write core dump. Minidumps are not enabled by default on client versions of Windows
#

---------------  T H R E A D  ---------------

Current thread (0x000000001e1de800):  JavaThread "C2 CompilerThread0" daemon [_thread_in_native, id=294572, stack(0x000000001e9d0000,0x000000001ead0000)]

Stack: [0x000000001e9d0000,0x000000001ead0000]
[error occurred during error reporting (printing stack bounds), id 0xc0000005]

Native frames: (J=compiled Java code, j=interpreted, Vv=VM code, C=native code)


Current CompileTask:
C2:   6017 3404   !   4       java.net.URL::<init> (543 bytes)


---------------  P R O C E S S  ---------------

Java Threads: ( => current thread )
  0x00000000208c2800 JavaThread "HikariPool-1 connection adder" daemon [_thread_blocked, id=74580, stack(0x0000000024ae0000,0x0000000024be0000)]
  0x0000000022c40800 JavaThread "HikariPool-1 housekeeper" daemon [_thread_blocked, id=301236, stack(0x00000000249e0000,0x0000000024ae0000)]
  0x0000000020340800 JavaThread "Abandoned connection cleanup thread" daemon [_thread_blocked, id=68288, stack(0x00000000243e0000,0x00000000244e0000)]
  0x000000001e3cc800 JavaThread "surefire-forkedjvm-ping-30s" daemon [_thread_in_native, id=313400, stack(0x000000001f0d0000,0x000000001f1d0000)]
  0x000000001e31d000 JavaThread "surefire-forkedjvm-command-thread" daemon [_thread_in_native, id=68588, stack(0x000000001efd0000,0x000000001f0d0000)]
  0x000000001e26f800 JavaThread "Service Thread" daemon [_thread_blocked, id=71140, stack(0x000000001edd0000,0x000000001eed0000)]
  0x000000001e1eb800 JavaThread "C1 CompilerThread3" daemon [_thread_blocked, id=50368, stack(0x000000001ecd0000,0x000000001edd0000)]
  0x000000001e1e7800 JavaThread "C2 CompilerThread2" daemon [_thread_blocked, id=69204, stack(0x000000001ebd0000,0x000000001ecd0000)]
  0x000000001e1e0800 JavaThread "C2 CompilerThread1" daemon [_thread_blocked, id=307944, stack(0x000000001ead0000,0x000000001ebd0000)]
=>0x000000001e1de800 JavaThread "C2 CompilerThread0" daemon [_thread_in_native, id=294572, stack(0x000000001e9d0000,0x000000001ead0000)]
  0x000000001e1db800 JavaThread "Attach Listener" daemon [_thread_blocked, id=304304, stack(0x000000001e8d0000,0x000000001e9d0000)]
  0x000000001e1d8800 JavaThread "Signal Dispatcher" daemon [_thread_blocked, id=73004, stack(0x000000001e7d0000,0x000000001e8d0000)]
  0x0000000002859800 JavaThread "Finalizer" daemon [_thread_blocked, id=67604, stack(0x000000001e5b0000,0x000000001e6b0000)]
  0x000000001c2dd800 JavaThread "Reference Handler" daemon [_thread_blocked, id=304964, stack(0x000000001e0b0000,0x000000001e1b0000)]
  0x0000000002762800 JavaThread "main" [_thread_in_native, id=72484, stack(0x0000000002660000,0x0000000002760000)]

Other Threads:
  0x000000001c2d9000 VMThread [stack: 0x000000001dfb0000,0x000000001e0b0000] [id=72528]
  0x000000001e22c800 WatcherThread [stack: 0x000000001eed0000,0x000000001efd0000] [id=53604]

VM state:not at safepoint (normal execution)

VM Mutex/Monitor currently owned by a thread: None

Heap:
 PSYoungGen      total 168448K, used 38361K [0x000000076b380000, 0x0000000778480000, 0x00000007c0000000)
  eden space 158720K, 24% used [0x000000076b380000,0x000000076d8f6770,0x0000000774e80000)
  from space 9728K, 0% used [0x0000000775900000,0x0000000775900000,0x0000000776280000)
  to   space 10752K, 0% used [0x0000000774e80000,0x0000000774e80000,0x0000000775900000)
 ParOldGen       total 151552K, used 15100K [0x00000006c1a00000, 0x00000006cae00000, 0x000000076b380000)
  object space 151552K, 9% used [0x00000006c1a00000,0x00000006c28bf308,0x00000006cae00000)
 Metaspace       used 37881K, capacity 39202K, committed 39384K, reserved 1083392K
  class space    used 5002K, capacity 5273K, committed 5376K, reserved 1048576K

Card table byte_map: [0x0000000011c20000,0x0000000012420000] byte_map_base: 0x000000000e613000

Marking Bits: (ParMarkBitMap*) 0x000000006973d850
 Begin Bits: [0x0000000013170000, 0x0000000017108000)
 End Bits:   [0x0000000017108000, 0x000000001b0a0000)

Polling page: 0x0000000002620000

CodeCache: size=245760Kb used=12632Kb max_used=12637Kb free=233128Kb
 bounds [0x0000000002860000, 0x00000000034d0000, 0x0000000011860000]
 total_blobs=3851 nmethods=3405 adapters=358
 compilation: enabled

Compilation events (10 events):
Event: 5.927 Thread 0x000000001e1eb800 nmethod 3401 0x00000000034b6a10 code [0x00000000034b7000, 0x00000000034bad18]
Event: 5.927 Thread 0x000000001e1eb800 3402   !   3       sun.reflect.annotation.AnnotationParser::parseClassValue (64 bytes)
Event: 5.928 Thread 0x000000001e1eb800 nmethod 3402 0x00000000034b5b90 code [0x00000000034b5d80, 0x00000000034b65b8]
Event: 5.956 Thread 0x000000001e1e7800 3403       4       java.lang.ClassNotFoundException::<init> (7 bytes)
Event: 5.959 Thread 0x000000001e1e7800 nmethod 3403 0x00000000034b35d0 code [0x00000000034b3720, 0x00000000034b3a88]
Event: 5.960 Thread 0x000000001e1de800 3404   !   4       java.net.URL::<init> (543 bytes)
Event: 5.960 Thread 0x000000001e1e0800 3405       4       java.util.WeakHashMap::put (162 bytes)
Event: 5.968 Thread 0x000000001e1e0800 nmethod 3405 0x00000000034b1d90 code [0x00000000034b1f00, 0x00000000034b2298]
Event: 6.006 Thread 0x000000001e1eb800 3406       3       jdk.internal.org.objectweb.asm.FieldWriter::getSize (262 bytes)
Event: 6.007 Thread 0x000000001e1eb800 nmethod 3406 0x00000000034c0250 code [0x00000000034c04e0, 0x00000000034c1448]

GC Heap History (10 events):
Event: 2.170 GC heap before
{Heap before GC invocations=4 (full 1):
 PSYoungGen      total 76288K, used 7570K [0x000000076b380000, 0x0000000774880000, 0x00000007c0000000)
  eden space 65536K, 0% used [0x000000076b380000,0x000000076b380000,0x000000076f380000)
  from space 10752K, 70% used [0x000000076f380000,0x000000076fae48e0,0x000000076fe00000)
  to   space 10752K, 0% used [0x0000000773e00000,0x0000000773e00000,0x0000000774880000)
 ParOldGen       total 175104K, used 32K [0x00000006c1a00000, 0x00000006cc500000, 0x000000076b380000)
  object space 175104K, 0% used [0x00000006c1a00000,0x00000006c1a08000,0x00000006cc500000)
 Metaspace       used 20645K, capacity 21170K, committed 21248K, reserved 1067008K
  class space    used 2667K, capacity 2805K, committed 2816K, reserved 1048576K
Event: 2.204 GC heap after
Heap after GC invocations=4 (full 1):
 PSYoungGen      total 76288K, used 0K [0x000000076b380000, 0x0000000774880000, 0x00000007c0000000)
  eden space 65536K, 0% used [0x000000076b380000,0x000000076b380000,0x000000076f380000)
  from space 10752K, 0% used [0x000000076f380000,0x000000076f380000,0x000000076fe00000)
  to   space 10752K, 0% used [0x0000000773e00000,0x0000000773e00000,0x0000000774880000)
 ParOldGen       total 98816K, used 7235K [0x00000006c1a00000, 0x00000006c7a80000, 0x000000076b380000)
  object space 98816K, 7% used [0x00000006c1a00000,0x00000006c2110c30,0x00000006c7a80000)
 Metaspace       used 20645K, capacity 21170K, committed 21248K, reserved 1067008K
  class space    used 2667K, capacity 2805K, committed 2816K, reserved 1048576K
}
Event: 2.711 GC heap before
{Heap before GC invocations=5 (full 1):
 PSYoungGen      total 76288K, used 65536K [0x000000076b380000, 0x0000000774880000, 0x00000007c0000000)
  eden space 65536K, 100% used [0x000000076b380000,0x000000076f380000,0x000000076f380000)
  from space 10752K, 0% used [0x000000076f380000,0x000000076f380000,0x000000076fe00000)
  to   space 10752K, 0% used [0x0000000773e00000,0x0000000773e00000,0x0000000774880000)
 ParOldGen       total 98816K, used 7235K [0x00000006c1a00000, 0x00000006c7a80000, 0x000000076b380000)
  object space 98816K, 7% used [0x00000006c1a00000,0x00000006c2110c30,0x00000006c7a80000)
 Metaspace       used 25936K, capacity 26708K, committed 26880K, reserved 1073152K
  class space    used 3345K, capacity 3538K, committed 3584K, reserved 1048576K
Event: 2.718 GC heap after
Heap after GC invocations=5 (full 1):
 PSYoungGen      total 111104K, used 6815K [0x000000076b380000, 0x0000000774500000, 0x00000007c0000000)
  eden space 103936K, 0% used [0x000000076b380000,0x000000076b380000,0x0000000771900000)
  from space 7168K, 95% used [0x0000000773e00000,0x00000007744a7fe0,0x0000000774500000)
  to   space 10752K, 0% used [0x0000000773000000,0x0000000773000000,0x0000000773a80000)
 ParOldGen       total 98816K, used 7307K [0x00000006c1a00000, 0x00000006c7a80000, 0x000000076b380000)
  object space 98816K, 7% used [0x00000006c1a00000,0x00000006c2122c40,0x00000006c7a80000)
 Metaspace       used 25936K, capacity 26708K, committed 26880K, reserved 1073152K
  class space    used 3345K, capacity 3538K, committed 3584K, reserved 1048576K
}
Event: 4.567 GC heap before
{Heap before GC invocations=6 (full 1):
 PSYoungGen      total 111104K, used 110751K [0x000000076b380000, 0x0000000774500000, 0x00000007c0000000)
  eden space 103936K, 100% used [0x000000076b380000,0x0000000771900000,0x0000000771900000)
  from space 7168K, 95% used [0x0000000773e00000,0x00000007744a7fe0,0x0000000774500000)
  to   space 10752K, 0% used [0x0000000773000000,0x0000000773000000,0x0000000773a80000)
 ParOldGen       total 98816K, used 7307K [0x00000006c1a00000, 0x00000006c7a80000, 0x000000076b380000)
  object space 98816K, 7% used [0x00000006c1a00000,0x00000006c2122c40,0x00000006c7a80000)
 Metaspace       used 29710K, capacity 30832K, committed 31104K, reserved 1077248K
  class space    used 3866K, capacity 4126K, committed 4224K, reserved 1048576K
Event: 4.580 GC heap after
Heap after GC invocations=6 (full 1):
 PSYoungGen      total 138240K, used 9158K [0x000000076b380000, 0x0000000776280000, 0x00000007c0000000)
  eden space 127488K, 0% used [0x000000076b380000,0x000000076b380000,0x0000000773000000)
  from space 10752K, 85% used [0x0000000773000000,0x00000007738f1810,0x0000000773a80000)
  to   space 9728K, 0% used [0x0000000775900000,0x0000000775900000,0x0000000776280000)
 ParOldGen       total 98816K, used 7315K [0x00000006c1a00000, 0x00000006c7a80000, 0x000000076b380000)
  object space 98816K, 7% used [0x00000006c1a00000,0x00000006c2124c40,0x00000006c7a80000)
 Metaspace       used 29710K, capacity 30832K, committed 31104K, reserved 1077248K
  class space    used 3866K, capacity 4126K, committed 4224K, reserved 1048576K
}
Event: 5.396 GC heap before
{Heap before GC invocations=7 (full 1):
 PSYoungGen      total 138240K, used 76575K [0x000000076b380000, 0x0000000776280000, 0x00000007c0000000)
  eden space 127488K, 52% used [0x000000076b380000,0x000000076f556758,0x0000000773000000)
  from space 10752K, 85% used [0x0000000773000000,0x00000007738f1810,0x0000000773a80000)
  to   space 9728K, 0% used [0x0000000775900000,0x0000000775900000,0x0000000776280000)
 ParOldGen       total 98816K, used 7315K [0x00000006c1a00000, 0x00000006c7a80000, 0x000000076b380000)
  object space 98816K, 7% used [0x00000006c1a00000,0x00000006c2124c40,0x00000006c7a80000)
 Metaspace       used 34058K, capacity 35318K, committed 35416K, reserved 1079296K
  class space    used 4379K, capacity 4649K, committed 4736K, reserved 1048576K
Event: 5.405 GC heap after
Heap after GC invocations=7 (full 1):
 PSYoungGen      total 168448K, used 9715K [0x000000076b380000, 0x0000000778480000, 0x00000007c0000000)
  eden space 158720K, 0% used [0x000000076b380000,0x000000076b380000,0x0000000774e80000)
  from space 9728K, 99% used [0x0000000775900000,0x000000077627cea0,0x0000000776280000)
  to   space 10752K, 0% used [0x0000000774e80000,0x0000000774e80000,0x0000000775900000)
 ParOldGen       total 98816K, used 8250K [0x00000006c1a00000, 0x00000006c7a80000, 0x000000076b380000)
  object space 98816K, 8% used [0x00000006c1a00000,0x00000006c220ebe8,0x00000006c7a80000)
 Metaspace       used 34058K, capacity 35318K, committed 35416K, reserved 1079296K
  class space    used 4379K, capacity 4649K, committed 4736K, reserved 1048576K
}
Event: 5.405 GC heap before
{Heap before GC invocations=8 (full 2):
 PSYoungGen      total 168448K, used 9715K [0x000000076b380000, 0x0000000778480000, 0x00000007c0000000)
  eden space 158720K, 0% used [0x000000076b380000,0x000000076b380000,0x0000000774e80000)
  from space 9728K, 99% used [0x0000000775900000,0x000000077627cea0,0x0000000776280000)
  to   space 10752K, 0% used [0x0000000774e80000,0x0000000774e80000,0x0000000775900000)
 ParOldGen       total 98816K, used 8250K [0x00000006c1a00000, 0x00000006c7a80000, 0x000000076b380000)
  object space 98816K, 8% used [0x00000006c1a00000,0x00000006c220ebe8,0x00000006c7a80000)
 Metaspace       used 34058K, capacity 35318K, committed 35416K, reserved 1079296K
  class space    used 4379K, capacity 4649K, committed 4736K, reserved 1048576K
Event: 5.452 GC heap after
Heap after GC invocations=8 (full 2):
 PSYoungGen      total 168448K, used 0K [0x000000076b380000, 0x0000000778480000, 0x00000007c0000000)
  eden space 158720K, 0% used [0x000000076b380000,0x000000076b380000,0x0000000774e80000)
  from space 9728K, 0% used [0x0000000775900000,0x0000000775900000,0x0000000776280000)
  to   space 10752K, 0% used [0x0000000774e80000,0x0000000774e80000,0x0000000775900000)
 ParOldGen       total 151552K, used 15100K [0x00000006c1a00000, 0x00000006cae00000, 0x000000076b380000)
  object space 151552K, 9% used [0x00000006c1a00000,0x00000006c28bf308,0x00000006cae00000)
 Metaspace       used 34058K, capacity 35318K, committed 35416K, reserved 1079296K
  class space    used 4379K, capacity 4649K, committed 4736K, reserved 1048576K
}

Deoptimization events (10 events):
Event: 5.622 Thread 0x00000000208c2800 Uncommon trap: reason=unstable_if action=reinterpret pc=0x0000000002fc1fd8 method=java.util.LinkedHashMap.get(Ljava/lang/Object;)Ljava/lang/Object; @ 20
Event: 5.877 Thread 0x0000000002762800 Uncommon trap: reason=class_check action=maybe_recompile pc=0x000000000316cf98 method=java.util.AbstractList$Itr.hasNext()Z @ 8
Event: 5.877 Thread 0x0000000002762800 Uncommon trap: reason=class_check action=maybe_recompile pc=0x000000000345ac18 method=java.util.AbstractList$Itr.next()Ljava/lang/Object; @ 14
Event: 5.879 Thread 0x0000000002762800 Uncommon trap: reason=class_check action=maybe_recompile pc=0x000000000316cf98 method=java.util.AbstractList$Itr.hasNext()Z @ 8
Event: 5.879 Thread 0x0000000002762800 Uncommon trap: reason=class_check action=maybe_recompile pc=0x000000000345ac18 method=java.util.AbstractList$Itr.next()Ljava/lang/Object; @ 14
Event: 5.879 Thread 0x0000000002762800 Uncommon trap: reason=class_check action=maybe_recompile pc=0x000000000316cf98 method=java.util.AbstractList$Itr.hasNext()Z @ 8
Event: 5.879 Thread 0x0000000002762800 Uncommon trap: reason=class_check action=maybe_recompile pc=0x000000000345ac18 method=java.util.AbstractList$Itr.next()Ljava/lang/Object; @ 14
Event: 5.879 Thread 0x0000000002762800 Uncommon trap: reason=class_check action=maybe_recompile pc=0x000000000316cf98 method=java.util.AbstractList$Itr.hasNext()Z @ 8
Event: 5.879 Thread 0x0000000002762800 Uncommon trap: reason=class_check action=maybe_recompile pc=0x000000000345ac18 method=java.util.AbstractList$Itr.next()Ljava/lang/Object; @ 14
Event: 6.004 Thread 0x0000000002762800 Uncommon trap: reason=unstable_if action=reinterpret pc=0x0000000002d0573c method=java.lang.ClassLoader.getClassLoadingLock(Ljava/lang/String;)Ljava/lang/Object; @ 6

Internal exceptions (10 events):
Event: 5.561 Thread 0x0000000002762800 Exception <a 'java/lang/ClassNotFoundException': org/springframework/beans/factory/BeanClassLoaderAwareCustomizer> (0x000000076bb70858) thrown at [C:\re\workspace\8-2-build-windows-amd64-cygwin\jdk8u151\9699\hotspot\src\share\vm\classfile\systemDictionary
Event: 5.562 Thread 0x0000000002762800 Exception <a 'java/lang/ClassNotFoundException': org/springframework/beans/factory/AwareCustomizer> (0x000000076bb89ea8) thrown at [C:\re\workspace\8-2-build-windows-amd64-cygwin\jdk8u151\9699\hotspot\src\share\vm\classfile\systemDictionary.cpp, line 210]
Event: 5.562 Thread 0x0000000002762800 Exception <a 'java/lang/ClassNotFoundException': org/springframework/beans/factory/BeanFactoryAwareCustomizer> (0x000000076bba5898) thrown at [C:\re\workspace\8-2-build-windows-amd64-cygwin\jdk8u151\9699\hotspot\src\share\vm\classfile\systemDictionary.cpp
Event: 5.563 Thread 0x0000000002762800 Exception <a 'java/lang/ClassNotFoundException': org/springframework/beans/factory/AwareCustomizer> (0x000000076bbbf448) thrown at [C:\re\workspace\8-2-build-windows-amd64-cygwin\jdk8u151\9699\hotspot\src\share\vm\classfile\systemDictionary.cpp, line 210]
Event: 5.563 Thread 0x0000000002762800 Exception <a 'java/lang/ClassNotFoundException': org/springframework/beans/factory/BeanNameAwareCustomizer> (0x000000076bbd9c48) thrown at [C:\re\workspace\8-2-build-windows-amd64-cygwin\jdk8u151\9699\hotspot\src\share\vm\classfile\systemDictionary.cpp, l
Event: 5.564 Thread 0x0000000002762800 Exception <a 'java/lang/ClassNotFoundException': org/springframework/beans/factory/AwareCustomizer> (0x000000076bbf31c8) thrown at [C:\re\workspace\8-2-build-windows-amd64-cygwin\jdk8u151\9699\hotspot\src\share\vm\classfile\systemDictionary.cpp, line 210]
Event: 5.564 Thread 0x0000000002762800 Exception <a 'java/lang/ClassNotFoundException': org/springframework/beans/factory/InitializingBeanCustomizer> (0x000000076bc55a20) thrown at [C:\re\workspace\8-2-build-windows-amd64-cygwin\jdk8u151\9699\hotspot\src\share\vm\classfile\systemDictionary.cpp
Event: 5.565 Thread 0x0000000002762800 Exception <a 'java/lang/ClassNotFoundException': org/springframework/beans/factory/DisposableBeanCustomizer> (0x000000076bc70ae0) thrown at [C:\re\workspace\8-2-build-windows-amd64-cygwin\jdk8u151\9699\hotspot\src\share\vm\classfile\systemDictionary.cpp, 
Event: 5.565 Thread 0x0000000002762800 Exception <a 'java/lang/ClassNotFoundException': org/springframework/orm/jpa/EntityManagerFactoryInfoCustomizer> (0x000000076bc8d800) thrown at [C:\re\workspace\8-2-build-windows-amd64-cygwin\jdk8u151\9699\hotspot\src\share\vm\classfile\systemDictionary.c
Event: 5.566 Thread 0x0000000002762800 Exception <a 'java/lang/ClassNotFoundException': org/springframework/dao/support/PersistenceExceptionTranslatorCustomizer> (0x000000076bcb9940) thrown at [C:\re\workspace\8-2-build-windows-amd64-cygwin\jdk8u151\9699\hotspot\src\share\vm\classfile\systemDi

Events (10 events):
Event: 6.006 loading class org/hibernate/cfg/MetadataSourceType
Event: 6.006 loading class org/hibernate/cfg/MetadataSourceType done
Event: 6.006 loading class org/hibernate/boot/internal/BootstrapContextImpl
Event: 6.006 loading class org/hibernate/boot/internal/BootstrapContextImpl done
Event: 6.007 loading class org/hibernate/jpa/spi/MutableJpaCompliance
Event: 6.007 loading class org/hibernate/jpa/spi/MutableJpaCompliance done
Event: 6.008 loading class org/hibernate/jpa/spi/JpaCompliance
Event: 6.008 loading class org/hibernate/jpa/spi/JpaCompliance done
Event: 6.008 loading class org/hibernate/annotations/common/reflection/ClassLoaderDelegate
Event: 6.008 loading class org/hibernate/annotations/common/reflection/ClassLoaderDelegate done


Dynamic libraries:
0x00007ff759820000 - 0x00007ff759857000 	C:\Program Files\Java\jdk1.8.0_151\jre\bin\java.exe
0x00007ff990e60000 - 0x00007ff991041000 	C:\WINDOWS\SYSTEM32\ntdll.dll
0x00007ff990be0000 - 0x00007ff990c92000 	C:\WINDOWS\System32\KERNEL32.DLL
0x00007ff990960000 - 0x00007ff990bd3000 	C:\WINDOWS\System32\KERNELBASE.dll
0x00007ff98ff10000 - 0x00007ff98ffb1000 	C:\WINDOWS\System32\ADVAPI32.dll
0x00007ff98e050000 - 0x00007ff98e0ee000 	C:\WINDOWS\System32\msvcrt.dll
0x00007ff98fc70000 - 0x00007ff98fccb000 	C:\WINDOWS\System32\sechost.dll
0x00007ff98fd80000 - 0x00007ff98fea4000 	C:\WINDOWS\System32\RPCRT4.dll
0x00007ff990ca0000 - 0x00007ff990e30000 	C:\WINDOWS\System32\USER32.dll
0x00007ff98d7e0000 - 0x00007ff98d800000 	C:\WINDOWS\System32\win32u.dll
0x00007ff98e750000 - 0x00007ff98e778000 	C:\WINDOWS\System32\GDI32.dll
0x00007ff98d1f0000 - 0x00007ff98d382000 	C:\WINDOWS\System32\gdi32full.dll
0x00007ff98df10000 - 0x00007ff98dfaf000 	C:\WINDOWS\System32\msvcp_win.dll
0x00007ff98d5e0000 - 0x00007ff98d6da000 	C:\WINDOWS\System32\ucrtbase.dll
0x00007ff982b90000 - 0x00007ff982df9000 	C:\WINDOWS\WinSxS\amd64_microsoft.windows.common-controls_6595b64144ccf1df_6.0.17134.590_none_fb3d9bff3069e088\COMCTL32.dll
0x00007ff98e190000 - 0x00007ff98e4b2000 	C:\WINDOWS\System32\combase.dll
0x00007ff98dfb0000 - 0x00007ff98e02a000 	C:\WINDOWS\System32\bcryptPrimitives.dll
0x00007ff98fd50000 - 0x00007ff98fd7d000 	C:\WINDOWS\System32\IMM32.DLL
0x0000000068000000 - 0x000000006805d000 	C:\WINDOWS\System32\QIPCAP64.dll
0x00007ff98e830000 - 0x00007ff98fc70000 	C:\WINDOWS\System32\SHELL32.dll
0x00007ff98d790000 - 0x00007ff98d7d9000 	C:\WINDOWS\System32\cfgmgr32.dll
0x00007ff98e780000 - 0x00007ff98e829000 	C:\WINDOWS\System32\shcore.dll
0x00007ff98d800000 - 0x00007ff98df0d000 	C:\WINDOWS\System32\windows.storage.dll
0x00007ff98feb0000 - 0x00007ff98ff01000 	C:\WINDOWS\System32\shlwapi.dll
0x00007ff98d1b0000 - 0x00007ff98d1c1000 	C:\WINDOWS\System32\kernel.appcore.dll
0x00007ff98d1d0000 - 0x00007ff98d1ef000 	C:\WINDOWS\System32\profapi.dll
0x00007ff98d140000 - 0x00007ff98d18c000 	C:\WINDOWS\System32\powrprof.dll
0x00007ff98d130000 - 0x00007ff98d13a000 	C:\WINDOWS\System32\FLTLIB.DLL
0x00007ff98c770000 - 0x00007ff98c82e000 	C:\WINDOWS\SYSTEM32\DNSAPI.dll
0x00007ff98fce0000 - 0x00007ff98fd4c000 	C:\WINDOWS\System32\WS2_32.dll
0x00007ff98e180000 - 0x00007ff98e188000 	C:\WINDOWS\System32\NSI.dll
0x00007ff98c730000 - 0x00007ff98c768000 	C:\WINDOWS\SYSTEM32\IPHLPAPI.DLL
0x00000000697c0000 - 0x0000000069892000 	C:\Program Files\Java\jdk1.8.0_151\jre\bin\msvcr100.dll
0x0000000068f20000 - 0x00000000697bd000 	C:\Program Files\Java\jdk1.8.0_151\jre\bin\server\jvm.dll
0x00007ff98fcd0000 - 0x00007ff98fcd8000 	C:\WINDOWS\System32\PSAPI.DLL
0x00007ff9885f0000 - 0x00007ff9885fa000 	C:\WINDOWS\SYSTEM32\VERSION.dll
0x00007ff97e770000 - 0x00007ff97e779000 	C:\WINDOWS\SYSTEM32\WSOCK32.dll
0x00007ff98b0f0000 - 0x00007ff98b113000 	C:\WINDOWS\SYSTEM32\WINMM.dll
0x00007ff98b0c0000 - 0x00007ff98b0ea000 	C:\WINDOWS\SYSTEM32\WINMMBASE.dll
0x000000006a860000 - 0x000000006a86f000 	C:\Program Files\Java\jdk1.8.0_151\jre\bin\verify.dll
0x0000000068ef0000 - 0x0000000068f19000 	C:\Program Files\Java\jdk1.8.0_151\jre\bin\java.dll
0x0000000068ed0000 - 0x0000000068ee6000 	C:\Program Files\Java\jdk1.8.0_151\jre\bin\zip.dll
0x0000000068ec0000 - 0x0000000068ecd000 	C:\Program Files\Java\jdk1.8.0_151\jre\bin\management.dll
0x0000000068ea0000 - 0x0000000068eba000 	C:\Program Files\Java\jdk1.8.0_151\jre\bin\net.dll
0x00007ff98c9b0000 - 0x00007ff98ca16000 	C:\WINDOWS\system32\mswsock.dll
0x0000000068e80000 - 0x0000000068e91000 	C:\Program Files\Java\jdk1.8.0_151\jre\bin\nio.dll
0x00007ff977510000 - 0x00007ff977526000 	C:\WINDOWS\system32\napinsp.dll
0x00007ff9774f0000 - 0x00007ff97750a000 	C:\WINDOWS\system32\pnrpnsp.dll
0x00007ff988850000 - 0x00007ff988869000 	C:\WINDOWS\system32\NLAapi.dll
0x00007ff9774e0000 - 0x00007ff9774ee000 	C:\WINDOWS\System32\winrnr.dll
0x00007ff981ec0000 - 0x00007ff981eca000 	C:\Windows\System32\rasadhlp.dll
0x00007ff988d70000 - 0x00007ff988de2000 	C:\WINDOWS\System32\fwpuclnt.dll
0x00007ff98cc90000 - 0x00007ff98ccb5000 	C:\WINDOWS\SYSTEM32\bcrypt.dll

VM Arguments:
java_command: e:\Users\APERAL~1\AppData\Local\Temp\surefire6496636108958178722\surefirebooter9099845391410696013.jar E:\Users\aperaltap\AppData\Local\Temp\surefire6496636108958178722 2019-03-06T17-42-43_948-jvmRun1 surefire5102080705018635686tmp surefire_07963204251051272008tmp
java_class_path (initial): e:\Users\APERAL~1\AppData\Local\Temp\surefire6496636108958178722\surefirebooter9099845391410696013.jar
Launcher Type: SUN_STANDARD

Environment Variables:
JAVA_HOME=C:\Program Files\Java\jdk1.8.0_151
JRE_HOME=C:\Program Files (x86)\IBM\RationalSDLC\Common\Java5.0\jre
CLASSPATH=C:\Program Files (x86)\IBM\RationalSDLC\ClearQuest\cqjni.jar
USERNAME=aperaltap
OS=Windows_NT
PROCESSOR_IDENTIFIER=Intel64 Family 6 Model 79 Stepping 1, GenuineIntel



---------------  S Y S T E M  ---------------

OS: Windows 10.0 , 64 bit Build 17134 (10.0.17134.556)

CPU:total 8 (initial active 8) (4 cores per cpu, 2 threads per core) family 6 model 79 stepping 1, cmov, cx8, fxsr, mmx, sse, sse2, sse3, ssse3, sse4.1, sse4.2, popcnt, avx, avx2, aes, clmul, erms, rtm, 3dnowpref, lzcnt, ht, tsc, tscinvbit, bmi1, bmi2, adx

Memory: 4k page, physical 16666296k(4560160k free), swap 47746808k(5788k free)

vm_info: Java HotSpot(TM) 64-Bit Server VM (25.151-b12) for windows-amd64 JRE (1.8.0_151-b12), built on Sep  5 2017 19:33:46 by "java_re" with MS VC++ 10.0 (VS2010)

time: Wed Mar 06 17:42:51 2019
elapsed time: 6 seconds (0d 0h 0m 6s)

