#
# There is insufficient memory for the Java Runtime Environment to continue.
# Native memory allocation (malloc) failed to allocate 2200016 bytes for Chunk::new
# Possible reasons:
#   The system is out of physical RAM or swap space
#   In 32 bit mode, the process size limit was hit
# Possible solutions:
#   Reduce memory load on the system
#   Increase physical memory or swap space
#   Check if swap backing store is full
#   Use 64 bit Java on a 64 bit OS
#   Decrease Java heap size (-Xmx/-Xms)
#   Decrease number of Java threads
#   Decrease Java thread stack sizes (-Xss)
#   Set larger code cache with -XX:ReservedCodeCacheSize=
# This output file may be truncated or incomplete.
#
#  Out of Memory Error (allocation.cpp:390), pid=22416, tid=0x00000000000283a8
#
# JRE version: Java(TM) SE Runtime Environment (8.0_151-b12) (build 1.8.0_151-b12)
# Java VM: Java HotSpot(TM) 64-Bit Server VM (25.151-b12 mixed mode windows-amd64 compressed oops)
# Failed to write core dump. Minidumps are not enabled by default on client versions of Windows
#

---------------  T H R E A D  ---------------

Current thread (0x000000001ea75800):  JavaThread "C2 CompilerThread0" daemon [_thread_in_native, id=164776, stack(0x000000001f250000,0x000000001f350000)]

Stack: [0x000000001f250000,0x000000001f350000]
[error occurred during error reporting (printing stack bounds), id 0xc0000005]

Native frames: (J=compiled Java code, j=interpreted, Vv=VM code, C=native code)


Current CompileTask:
C2:  14328 4785   !   4       org.springframework.util.ReflectionUtils::doWithMethods (176 bytes)


---------------  P R O C E S S  ---------------

Java Threads: ( => current thread )
  0x0000000023499000 JavaThread "HikariPool-1 housekeeper" daemon [_thread_blocked, id=39488, stack(0x00000000272e0000,0x00000000273e0000)]
  0x000000002349a800 JavaThread "Abandoned connection cleanup thread" daemon [_thread_blocked, id=311676, stack(0x0000000026ca0000,0x0000000026da0000)]
  0x000000001ec45800 JavaThread "surefire-forkedjvm-ping-30s" daemon [_thread_in_native, id=210140, stack(0x000000001f950000,0x000000001fa50000)]
  0x000000001ebe8000 JavaThread "surefire-forkedjvm-command-thread" daemon [_thread_in_native, id=141392, stack(0x000000001f850000,0x000000001f950000)]
  0x000000001eb17000 JavaThread "Service Thread" daemon [_thread_blocked, id=214400, stack(0x000000001f650000,0x000000001f750000)]
  0x000000001ea8f000 JavaThread "C1 CompilerThread3" daemon [_thread_blocked, id=213764, stack(0x000000001f550000,0x000000001f650000)]
  0x000000001cb48000 JavaThread "C2 CompilerThread2" daemon [_thread_in_native, id=268328, stack(0x000000001f450000,0x000000001f550000)]
  0x000000001ea7b800 JavaThread "C2 CompilerThread1" daemon [_thread_in_native, id=215388, stack(0x000000001f350000,0x000000001f450000)]
=>0x000000001ea75800 JavaThread "C2 CompilerThread0" daemon [_thread_in_native, id=164776, stack(0x000000001f250000,0x000000001f350000)]
  0x000000001ea72000 JavaThread "Attach Listener" daemon [_thread_blocked, id=215328, stack(0x000000001f150000,0x000000001f250000)]
  0x000000001ea71000 JavaThread "Signal Dispatcher" daemon [_thread_blocked, id=39092, stack(0x000000001f050000,0x000000001f150000)]
  0x000000001ea60800 JavaThread "Finalizer" daemon [_thread_blocked, id=39184, stack(0x000000001ee40000,0x000000001ef40000)]
  0x000000001cb3d800 JavaThread "Reference Handler" daemon [_thread_blocked, id=36428, stack(0x000000001e940000,0x000000001ea40000)]
  0x0000000003012800 JavaThread "main" [_thread_in_vm, id=40536, stack(0x0000000002f10000,0x0000000003010000)]

Other Threads:
  0x000000001cb39000 VMThread [stack: 0x000000001e840000,0x000000001e940000] [id=26284]
  0x000000001eadb800 WatcherThread [stack: 0x000000001f750000,0x000000001f850000] [id=69120]

VM state:not at safepoint (normal execution)

VM Mutex/Monitor currently owned by a thread: None

Heap:
 PSYoungGen      total 172032K, used 44813K [0x000000076b380000, 0x0000000779f80000, 0x00000007c0000000)
  eden space 160256K, 27% used [0x000000076b380000,0x000000076df43688,0x0000000775000000)
  from space 11776K, 0% used [0x0000000775000000,0x0000000775000000,0x0000000775b80000)
  to   space 18944K, 0% used [0x0000000778d00000,0x0000000778d00000,0x0000000779f80000)
 ParOldGen       total 156672K, used 26763K [0x00000006c1a00000, 0x00000006cb300000, 0x000000076b380000)
  object space 156672K, 17% used [0x00000006c1a00000,0x00000006c3422c00,0x00000006cb300000)
 Metaspace       used 57391K, capacity 59898K, committed 60184K, reserved 1101824K
  class space    used 7962K, capacity 8393K, committed 8496K, reserved 1048576K

Card table byte_map: [0x00000000124d0000,0x0000000012cd0000] byte_map_base: 0x000000000eec3000

Marking Bits: (ParMarkBitMap*) 0x000000006973d850
 Begin Bits: [0x0000000013a20000, 0x00000000179b8000)
 End Bits:   [0x00000000179b8000, 0x000000001b950000)

Polling page: 0x0000000002dc0000

CodeCache: size=245760Kb used=16840Kb max_used=16840Kb free=228919Kb
 bounds [0x0000000003110000, 0x00000000041a0000, 0x0000000012110000]
 total_blobs=4873 nmethods=4353 adapters=431
 compilation: enabled

Compilation events (10 events):
Event: 14.229 Thread 0x000000001ea8f000 4921       3       org.springframework.beans.factory.support.AbstractBeanDefinition::<init> (92 bytes)
Event: 14.229 Thread 0x000000001ea8f000 nmethod 4921 0x000000000418fb10 code [0x000000000418fcc0, 0x00000000041903b0]
Event: 14.288 Thread 0x000000001ea8f000 4923       3       org.springframework.util.ConcurrentReferenceHashMap::<init> (14 bytes)
Event: 14.289 Thread 0x000000001ea8f000 nmethod 4923 0x00000000041907d0 code [0x0000000004190960, 0x0000000004190b08]
Event: 14.293 Thread 0x000000001ea8f000 4924       1       sun.reflect.generics.tree.ClassSignature::getFormalTypeParameters (5 bytes)
Event: 14.293 Thread 0x000000001ea8f000 nmethod 4924 0x0000000003603010 code [0x0000000003603160, 0x0000000003603270]
Event: 14.305 Thread 0x000000001ea8f000 4925       3       java.util.BitSet::set (58 bytes)
Event: 14.306 Thread 0x000000001ea8f000 nmethod 4925 0x0000000004190b90 code [0x0000000004190da0, 0x00000000041917d8]
Event: 14.320 Thread 0x000000001ea8f000 4926       3       java.lang.Integer::toUnsignedString0 (46 bytes)
Event: 14.320 Thread 0x000000001ea8f000 nmethod 4926 0x0000000004191cd0 code [0x0000000004191e60, 0x00000000041922b8]

GC Heap History (10 events):
Event: 5.057 GC heap before
{Heap before GC invocations=8 (full 2):
 PSYoungGen      total 171008K, used 10735K [0x000000076b380000, 0x0000000778800000, 0x00000007c0000000)
  eden space 160256K, 0% used [0x000000076b380000,0x000000076b380000,0x0000000775000000)
  from space 10752K, 99% used [0x0000000775b80000,0x00000007765fbe68,0x0000000776600000)
  to   space 11776K, 0% used [0x0000000775000000,0x0000000775000000,0x0000000775b80000)
 ParOldGen       total 99328K, used 7343K [0x00000006c1a00000, 0x00000006c7b00000, 0x000000076b380000)
  object space 99328K, 7% used [0x00000006c1a00000,0x00000006c212bef0,0x00000006c7b00000)
 Metaspace       used 34070K, capacity 35374K, committed 35496K, reserved 1081344K
  class space    used 4380K, capacity 4649K, committed 4656K, reserved 1048576K
Event: 5.120 GC heap after
Heap after GC invocations=8 (full 2):
 PSYoungGen      total 171008K, used 0K [0x000000076b380000, 0x0000000778800000, 0x00000007c0000000)
  eden space 160256K, 0% used [0x000000076b380000,0x000000076b380000,0x0000000775000000)
  from space 10752K, 0% used [0x0000000775b80000,0x0000000775b80000,0x0000000776600000)
  to   space 11776K, 0% used [0x0000000775000000,0x0000000775000000,0x0000000775b80000)
 ParOldGen       total 156672K, used 15179K [0x00000006c1a00000, 0x00000006cb300000, 0x000000076b380000)
  object space 156672K, 9% used [0x00000006c1a00000,0x00000006c28d2cb0,0x00000006cb300000)
 Metaspace       used 34070K, capacity 35374K, committed 35496K, reserved 1081344K
  class space    used 4380K, capacity 4649K, committed 4656K, reserved 1048576K
}
Event: 10.148 GC heap before
{Heap before GC invocations=9 (full 2):
 PSYoungGen      total 171008K, used 160256K [0x000000076b380000, 0x0000000778800000, 0x00000007c0000000)
  eden space 160256K, 100% used [0x000000076b380000,0x0000000775000000,0x0000000775000000)
  from space 10752K, 0% used [0x0000000775b80000,0x0000000775b80000,0x0000000776600000)
  to   space 11776K, 0% used [0x0000000775000000,0x0000000775000000,0x0000000775b80000)
 ParOldGen       total 156672K, used 15179K [0x00000006c1a00000, 0x00000006cb300000, 0x000000076b380000)
  object space 156672K, 9% used [0x00000006c1a00000,0x00000006c28d2cb0,0x00000006cb300000)
 Metaspace       used 50466K, capacity 52298K, committed 52400K, reserved 1093632K
  class space    used 6976K, capacity 7331K, committed 7344K, reserved 1048576K
Event: 10.172 GC heap after
Heap after GC invocations=9 (full 2):
 PSYoungGen      total 172032K, used 11746K [0x000000076b380000, 0x0000000778800000, 0x00000007c0000000)
  eden space 160256K, 0% used [0x000000076b380000,0x000000076b380000,0x0000000775000000)
  from space 11776K, 99% used [0x0000000775000000,0x0000000775b78990,0x0000000775b80000)
  to   space 10752K, 0% used [0x0000000775b80000,0x0000000775b80000,0x0000000776600000)
 ParOldGen       total 156672K, used 22878K [0x00000006c1a00000, 0x00000006cb300000, 0x000000076b380000)
  object space 156672K, 14% used [0x00000006c1a00000,0x00000006c3057900,0x00000006cb300000)
 Metaspace       used 50466K, capacity 52298K, committed 52400K, reserved 1093632K
  class space    used 6976K, capacity 7331K, committed 7344K, reserved 1048576K
}
Event: 13.121 GC heap before
{Heap before GC invocations=10 (full 2):
 PSYoungGen      total 172032K, used 172002K [0x000000076b380000, 0x0000000778800000, 0x00000007c0000000)
  eden space 160256K, 100% used [0x000000076b380000,0x0000000775000000,0x0000000775000000)
  from space 11776K, 99% used [0x0000000775000000,0x0000000775b78990,0x0000000775b80000)
  to   space 10752K, 0% used [0x0000000775b80000,0x0000000775b80000,0x0000000776600000)
 ParOldGen       total 156672K, used 22878K [0x00000006c1a00000, 0x00000006cb300000, 0x000000076b380000)
  object space 156672K, 14% used [0x00000006c1a00000,0x00000006c3057900,0x00000006cb300000)
 Metaspace       used 55702K, capacity 58112K, committed 58288K, reserved 1099776K
  class space    used 7670K, capacity 8086K, committed 8112K, reserved 1048576K
Event: 13.140 GC heap after
Heap after GC invocations=10 (full 2):
 PSYoungGen      total 171008K, used 10749K [0x000000076b380000, 0x0000000778800000, 0x00000007c0000000)
  eden space 160256K, 0% used [0x000000076b380000,0x000000076b380000,0x0000000775000000)
  from space 10752K, 99% used [0x0000000775b80000,0x00000007765ff5f0,0x0000000776600000)
  to   space 11776K, 0% used [0x0000000775000000,0x0000000775000000,0x0000000775b80000)
 ParOldGen       total 156672K, used 27604K [0x00000006c1a00000, 0x00000006cb300000, 0x000000076b380000)
  object space 156672K, 17% used [0x00000006c1a00000,0x00000006c34f5258,0x00000006cb300000)
 Metaspace       used 55702K, capacity 58112K, committed 58288K, reserved 1099776K
  class space    used 7670K, capacity 8086K, committed 8112K, reserved 1048576K
}
Event: 13.665 GC heap before
{Heap before GC invocations=11 (full 2):
 PSYoungGen      total 171008K, used 73080K [0x000000076b380000, 0x0000000778800000, 0x00000007c0000000)
  eden space 160256K, 38% used [0x000000076b380000,0x000000076f05ed90,0x0000000775000000)
  from space 10752K, 99% used [0x0000000775b80000,0x00000007765ff5f0,0x0000000776600000)
  to   space 11776K, 0% used [0x0000000775000000,0x0000000775000000,0x0000000775b80000)
 ParOldGen       total 156672K, used 27604K [0x00000006c1a00000, 0x00000006cb300000, 0x000000076b380000)
  object space 156672K, 17% used [0x00000006c1a00000,0x00000006c34f5258,0x00000006cb300000)
 Metaspace       used 56616K, capacity 59118K, committed 59160K, reserved 1099776K
  class space    used 7809K, capacity 8223K, committed 8240K, reserved 1048576K
Event: 13.679 GC heap after
Heap after GC invocations=11 (full 2):
 PSYoungGen      total 172032K, used 11768K [0x000000076b380000, 0x0000000779f80000, 0x00000007c0000000)
  eden space 160256K, 0% used [0x000000076b380000,0x000000076b380000,0x0000000775000000)
  from space 11776K, 99% used [0x0000000775000000,0x0000000775b7e180,0x0000000775b80000)
  to   space 18944K, 0% used [0x0000000778d00000,0x0000000778d00000,0x0000000779f80000)
 ParOldGen       total 156672K, used 29164K [0x00000006c1a00000, 0x00000006cb300000, 0x000000076b380000)
  object space 156672K, 18% used [0x00000006c1a00000,0x00000006c367b188,0x00000006cb300000)
 Metaspace       used 56616K, capacity 59118K, committed 59160K, reserved 1099776K
  class space    used 7809K, capacity 8223K, committed 8240K, reserved 1048576K
}
Event: 13.679 GC heap before
{Heap before GC invocations=12 (full 3):
 PSYoungGen      total 172032K, used 11768K [0x000000076b380000, 0x0000000779f80000, 0x00000007c0000000)
  eden space 160256K, 0% used [0x000000076b380000,0x000000076b380000,0x0000000775000000)
  from space 11776K, 99% used [0x0000000775000000,0x0000000775b7e180,0x0000000775b80000)
  to   space 18944K, 0% used [0x0000000778d00000,0x0000000778d00000,0x0000000779f80000)
 ParOldGen       total 156672K, used 29164K [0x00000006c1a00000, 0x00000006cb300000, 0x000000076b380000)
  object space 156672K, 18% used [0x00000006c1a00000,0x00000006c367b188,0x00000006cb300000)
 Metaspace       used 56616K, capacity 59118K, committed 59160K, reserved 1099776K
  class space    used 7809K, capacity 8223K, committed 8240K, reserved 1048576K
Event: 13.898 GC heap after
Heap after GC invocations=12 (full 3):
 PSYoungGen      total 172032K, used 0K [0x000000076b380000, 0x0000000779f80000, 0x00000007c0000000)
  eden space 160256K, 0% used [0x000000076b380000,0x000000076b380000,0x0000000775000000)
  from space 11776K, 0% used [0x0000000775000000,0x0000000775000000,0x0000000775b80000)
  to   space 18944K, 0% used [0x0000000778d00000,0x0000000778d00000,0x0000000779f80000)
 ParOldGen       total 156672K, used 26763K [0x00000006c1a00000, 0x00000006cb300000, 0x000000076b380000)
  object space 156672K, 17% used [0x00000006c1a00000,0x00000006c3422c00,0x00000006cb300000)
 Metaspace       used 56616K, capacity 59118K, committed 59160K, reserved 1099776K
  class space    used 7809K, capacity 8223K, committed 8240K, reserved 1048576K
}

Deoptimization events (10 events):
Event: 11.383 Thread 0x0000000003012800 Uncommon trap: reason=unstable_if action=reinterpret pc=0x0000000003cb7778 method=java.util.concurrent.ConcurrentHashMap.putVal(Ljava/lang/Object;Ljava/lang/Object;Z)Ljava/lang/Object; @ 331
Event: 11.384 Thread 0x0000000003012800 Uncommon trap: reason=unstable_if action=reinterpret pc=0x0000000003611020 method=java.util.concurrent.ConcurrentHashMap.get(Ljava/lang/Object;)Ljava/lang/Object; @ 86
Event: 12.502 Thread 0x0000000003012800 Uncommon trap: reason=unstable_if action=reinterpret pc=0x00000000040a29cc method=org.springframework.core.annotation.AnnotatedElementUtils.searchWithFindSemantics(Ljava/lang/reflect/AnnotatedElement;Ljava/util/Set;Ljava/lang/String;Ljava/lang/Class;Lorg/
Event: 12.779 Thread 0x0000000003012800 Uncommon trap: reason=unstable_if action=reinterpret pc=0x0000000003d814a0 method=java.util.WeakHashMap.put(Ljava/lang/Object;Ljava/lang/Object;)Ljava/lang/Object; @ 47
Event: 12.888 Thread 0x0000000003012800 Uncommon trap: reason=unstable_if action=reinterpret pc=0x0000000004029430 method=org.springframework.beans.factory.support.AbstractBeanFactory.isTypeMatch(Ljava/lang/String;Lorg/springframework/core/ResolvableType;)Z @ 26
Event: 13.044 Thread 0x0000000003012800 Uncommon trap: reason=null_check action=make_not_entrant pc=0x000000000410d7e4 method=org.springframework.core.annotation.AnnotatedElementUtils.searchWithGetSemanticsInAnnotations(Ljava/lang/reflect/AnnotatedElement;Ljava/util/List;Ljava/util/Set;Ljava/la
Event: 13.074 Thread 0x0000000003012800 Uncommon trap: reason=unstable_if action=reinterpret pc=0x0000000003591d78 method=java.util.concurrent.ConcurrentHashMap.transfer([Ljava/util/concurrent/ConcurrentHashMap$Node;[Ljava/util/concurrent/ConcurrentHashMap$Node;)V @ 356
Event: 13.075 Thread 0x0000000003012800 Uncommon trap: reason=unstable_if action=reinterpret pc=0x00000000035269bc method=java.util.concurrent.ConcurrentHashMap.transfer([Ljava/util/concurrent/ConcurrentHashMap$Node;[Ljava/util/concurrent/ConcurrentHashMap$Node;)V @ 356
Event: 13.076 Thread 0x0000000003012800 Uncommon trap: reason=unstable_if action=reinterpret pc=0x000000000356c624 method=java.util.concurrent.ConcurrentHashMap.transfer([Ljava/util/concurrent/ConcurrentHashMap$Node;[Ljava/util/concurrent/ConcurrentHashMap$Node;)V @ 356
Event: 14.107 Thread 0x0000000003012800 Uncommon trap: reason=unstable_if action=reinterpret pc=0x000000000347b88c method=org.springframework.core.BridgeMethodResolver.isVisibilityBridgeMethodPair(Ljava/lang/reflect/Method;Ljava/lang/reflect/Method;)Z @ 32

Internal exceptions (10 events):
Event: 14.312 Thread 0x0000000003012800 Exception <a 'java/lang/ClassNotFoundException': javax/servlet/FilterCustomizer> (0x000000076dbe7dc0) thrown at [C:\re\workspace\8-2-build-windows-amd64-cygwin\jdk8u151\9699\hotspot\src\share\vm\classfile\systemDictionary.cpp, line 210]
Event: 14.313 Thread 0x0000000003012800 Exception <a 'java/lang/ClassNotFoundException': org/springframework/beans/factory/BeanNameAwareCustomizer> (0x000000076dc04098) thrown at [C:\re\workspace\8-2-build-windows-amd64-cygwin\jdk8u151\9699\hotspot\src\share\vm\classfile\systemDictionary.cpp, l
Event: 14.314 Thread 0x0000000003012800 Exception <a 'java/lang/ClassNotFoundException': org/springframework/beans/factory/AwareCustomizer> (0x000000076dc1d7f0) thrown at [C:\re\workspace\8-2-build-windows-amd64-cygwin\jdk8u151\9699\hotspot\src\share\vm\classfile\systemDictionary.cpp, line 210]
Event: 14.314 Thread 0x0000000003012800 Exception <a 'java/lang/ClassNotFoundException': org/springframework/context/EnvironmentAwareCustomizer> (0x000000076dc37858) thrown at [C:\re\workspace\8-2-build-windows-amd64-cygwin\jdk8u151\9699\hotspot\src\share\vm\classfile\systemDictionary.cpp, line
Event: 14.315 Thread 0x0000000003012800 Exception <a 'java/lang/ClassNotFoundException': org/springframework/beans/factory/AwareCustomizer> (0x000000076dc50f80) thrown at [C:\re\workspace\8-2-build-windows-amd64-cygwin\jdk8u151\9699\hotspot\src\share\vm\classfile\systemDictionary.cpp, line 210]
Event: 14.316 Thread 0x0000000003012800 Exception <a 'java/lang/ClassNotFoundException': org/springframework/core/env/EnvironmentCapableCustomizer> (0x000000076dc6bd60) thrown at [C:\re\workspace\8-2-build-windows-amd64-cygwin\jdk8u151\9699\hotspot\src\share\vm\classfile\systemDictionary.cpp, l
Event: 14.317 Thread 0x0000000003012800 Exception <a 'java/lang/ClassNotFoundException': org/springframework/web/context/ServletContextAwareCustomizer> (0x000000076dc89748) thrown at [C:\re\workspace\8-2-build-windows-amd64-cygwin\jdk8u151\9699\hotspot\src\share\vm\classfile\systemDictionary.cp
Event: 14.317 Thread 0x0000000003012800 Exception <a 'java/lang/ClassNotFoundException': org/springframework/beans/factory/AwareCustomizer> (0x000000076dca2f30) thrown at [C:\re\workspace\8-2-build-windows-amd64-cygwin\jdk8u151\9699\hotspot\src\share\vm\classfile\systemDictionary.cpp, line 210]
Event: 14.318 Thread 0x0000000003012800 Exception <a 'java/lang/ClassNotFoundException': org/springframework/beans/factory/InitializingBeanCustomizer> (0x000000076dcbeff8) thrown at [C:\re\workspace\8-2-build-windows-amd64-cygwin\jdk8u151\9699\hotspot\src\share\vm\classfile\systemDictionary.cpp
Event: 14.319 Thread 0x0000000003012800 Exception <a 'java/lang/ClassNotFoundException': org/springframework/beans/factory/DisposableBeanCustomizer> (0x000000076dcda670) thrown at [C:\re\workspace\8-2-build-windows-amd64-cygwin\jdk8u151\9699\hotspot\src\share\vm\classfile\systemDictionary.cpp, 

Events (10 events):
Event: 14.318 loading class org/springframework/beans/factory/DisposableBeanCustomizer
Event: 14.318 loading class org/springframework/beans/factory/DisposableBeanCustomizer done
Event: 14.319 loading class org/springframework/beans/factory/DisposableBeanCustomizer
Event: 14.319 loading class org/springframework/beans/factory/DisposableBeanCustomizer done
Event: 14.319 loading class org/springframework/security/web/DefaultSecurityFilterChain
Event: 14.319 loading class org/springframework/security/web/DefaultSecurityFilterChain done
Event: 14.320 loading class org/springframework/security/web/FilterChainProxy
Event: 14.320 loading class org/springframework/security/web/FilterChainProxy done
Event: 14.322 loading class org/springframework/security/web/FilterChainProxy$FilterChainValidator
Event: 14.322 loading class org/springframework/security/web/FilterChainProxy$FilterChainValidator done


Dynamic libraries:
0x00007ff759820000 - 0x00007ff759857000 	C:\Program Files\Java\jdk1.8.0_151\jre\bin\java.exe
0x00007ff990e60000 - 0x00007ff991041000 	C:\WINDOWS\SYSTEM32\ntdll.dll
0x00007ff990be0000 - 0x00007ff990c92000 	C:\WINDOWS\System32\KERNEL32.DLL
0x00007ff990960000 - 0x00007ff990bd3000 	C:\WINDOWS\System32\KERNELBASE.dll
0x00007ff98ff10000 - 0x00007ff98ffb1000 	C:\WINDOWS\System32\ADVAPI32.dll
0x00007ff98e050000 - 0x00007ff98e0ee000 	C:\WINDOWS\System32\msvcrt.dll
0x00007ff98fc70000 - 0x00007ff98fccb000 	C:\WINDOWS\System32\sechost.dll
0x00007ff98fd80000 - 0x00007ff98fea4000 	C:\WINDOWS\System32\RPCRT4.dll
0x00007ff990ca0000 - 0x00007ff990e30000 	C:\WINDOWS\System32\USER32.dll
0x00007ff98d7e0000 - 0x00007ff98d800000 	C:\WINDOWS\System32\win32u.dll
0x00007ff98e750000 - 0x00007ff98e778000 	C:\WINDOWS\System32\GDI32.dll
0x00007ff98d1f0000 - 0x00007ff98d382000 	C:\WINDOWS\System32\gdi32full.dll
0x00007ff98df10000 - 0x00007ff98dfaf000 	C:\WINDOWS\System32\msvcp_win.dll
0x00007ff98d5e0000 - 0x00007ff98d6da000 	C:\WINDOWS\System32\ucrtbase.dll
0x00007ff982b90000 - 0x00007ff982df9000 	C:\WINDOWS\WinSxS\amd64_microsoft.windows.common-controls_6595b64144ccf1df_6.0.17134.590_none_fb3d9bff3069e088\COMCTL32.dll
0x00007ff98e190000 - 0x00007ff98e4b2000 	C:\WINDOWS\System32\combase.dll
0x00007ff98dfb0000 - 0x00007ff98e02a000 	C:\WINDOWS\System32\bcryptPrimitives.dll
0x00007ff98fd50000 - 0x00007ff98fd7d000 	C:\WINDOWS\System32\IMM32.DLL
0x0000000068000000 - 0x000000006805d000 	C:\WINDOWS\System32\QIPCAP64.dll
0x00007ff98e830000 - 0x00007ff98fc70000 	C:\WINDOWS\System32\SHELL32.dll
0x00007ff98d790000 - 0x00007ff98d7d9000 	C:\WINDOWS\System32\cfgmgr32.dll
0x00007ff98e780000 - 0x00007ff98e829000 	C:\WINDOWS\System32\shcore.dll
0x00007ff98d800000 - 0x00007ff98df0d000 	C:\WINDOWS\System32\windows.storage.dll
0x00007ff98feb0000 - 0x00007ff98ff01000 	C:\WINDOWS\System32\shlwapi.dll
0x00007ff98d1b0000 - 0x00007ff98d1c1000 	C:\WINDOWS\System32\kernel.appcore.dll
0x00007ff98d1d0000 - 0x00007ff98d1ef000 	C:\WINDOWS\System32\profapi.dll
0x00007ff98d140000 - 0x00007ff98d18c000 	C:\WINDOWS\System32\powrprof.dll
0x00007ff98d130000 - 0x00007ff98d13a000 	C:\WINDOWS\System32\FLTLIB.DLL
0x00007ff98c770000 - 0x00007ff98c82e000 	C:\WINDOWS\SYSTEM32\DNSAPI.dll
0x00007ff98fce0000 - 0x00007ff98fd4c000 	C:\WINDOWS\System32\WS2_32.dll
0x00007ff98e180000 - 0x00007ff98e188000 	C:\WINDOWS\System32\NSI.dll
0x00007ff98c730000 - 0x00007ff98c768000 	C:\WINDOWS\SYSTEM32\IPHLPAPI.DLL
0x00000000697c0000 - 0x0000000069892000 	C:\Program Files\Java\jdk1.8.0_151\jre\bin\msvcr100.dll
0x0000000068f20000 - 0x00000000697bd000 	C:\Program Files\Java\jdk1.8.0_151\jre\bin\server\jvm.dll
0x00007ff98fcd0000 - 0x00007ff98fcd8000 	C:\WINDOWS\System32\PSAPI.DLL
0x00007ff97e770000 - 0x00007ff97e779000 	C:\WINDOWS\SYSTEM32\WSOCK32.dll
0x00007ff9885f0000 - 0x00007ff9885fa000 	C:\WINDOWS\SYSTEM32\VERSION.dll
0x00007ff98b0f0000 - 0x00007ff98b113000 	C:\WINDOWS\SYSTEM32\WINMM.dll
0x00007ff98b0c0000 - 0x00007ff98b0ea000 	C:\WINDOWS\SYSTEM32\WINMMBASE.dll
0x000000006a860000 - 0x000000006a86f000 	C:\Program Files\Java\jdk1.8.0_151\jre\bin\verify.dll
0x0000000068ef0000 - 0x0000000068f19000 	C:\Program Files\Java\jdk1.8.0_151\jre\bin\java.dll
0x0000000068ed0000 - 0x0000000068ee6000 	C:\Program Files\Java\jdk1.8.0_151\jre\bin\zip.dll
0x0000000068ec0000 - 0x0000000068ecd000 	C:\Program Files\Java\jdk1.8.0_151\jre\bin\management.dll
0x0000000068ea0000 - 0x0000000068eba000 	C:\Program Files\Java\jdk1.8.0_151\jre\bin\net.dll
0x00007ff98c9b0000 - 0x00007ff98ca16000 	C:\WINDOWS\system32\mswsock.dll
0x0000000068e80000 - 0x0000000068e91000 	C:\Program Files\Java\jdk1.8.0_151\jre\bin\nio.dll
0x00007ff977510000 - 0x00007ff977526000 	C:\WINDOWS\system32\napinsp.dll
0x00007ff9774f0000 - 0x00007ff97750a000 	C:\WINDOWS\system32\pnrpnsp.dll
0x00007ff988850000 - 0x00007ff988869000 	C:\WINDOWS\system32\NLAapi.dll
0x00007ff9774e0000 - 0x00007ff9774ee000 	C:\WINDOWS\System32\winrnr.dll
0x00007ff981ec0000 - 0x00007ff981eca000 	C:\Windows\System32\rasadhlp.dll
0x00007ff988d70000 - 0x00007ff988de2000 	C:\WINDOWS\System32\fwpuclnt.dll
0x00007ff98cc90000 - 0x00007ff98ccb5000 	C:\WINDOWS\SYSTEM32\bcrypt.dll
0x00007ff98cb60000 - 0x00007ff98cb77000 	C:\WINDOWS\SYSTEM32\CRYPTSP.dll
0x00007ff98c590000 - 0x00007ff98c5c3000 	C:\WINDOWS\system32\rsaenh.dll
0x00007ff98d030000 - 0x00007ff98d058000 	C:\WINDOWS\SYSTEM32\USERENV.dll
0x00007ff98cb80000 - 0x00007ff98cb8b000 	C:\WINDOWS\SYSTEM32\CRYPTBASE.dll
0x00007ff988d30000 - 0x00007ff988d46000 	C:\WINDOWS\SYSTEM32\dhcpcsvc6.DLL
0x00007ff988d10000 - 0x00007ff988d2a000 	C:\WINDOWS\SYSTEM32\dhcpcsvc.DLL

VM Arguments:
java_command: e:\Users\APERAL~1\AppData\Local\Temp\surefire8855936549939034823\surefirebooter2990659953325748683.jar E:\Users\aperaltap\AppData\Local\Temp\surefire8855936549939034823 2019-03-06T17-30-58_715-jvmRun1 surefire6509032157050414174tmp surefire_08801344541770605835tmp
java_class_path (initial): e:\Users\APERAL~1\AppData\Local\Temp\surefire8855936549939034823\surefirebooter2990659953325748683.jar
Launcher Type: SUN_STANDARD

Environment Variables:
JAVA_HOME=C:\Program Files\Java\jdk1.8.0_151
JRE_HOME=C:\Program Files (x86)\IBM\RationalSDLC\Common\Java5.0\jre
CLASSPATH=C:\Program Files (x86)\IBM\RationalSDLC\ClearQuest\cqjni.jar
USERNAME=aperaltap
OS=Windows_NT
PROCESSOR_IDENTIFIER=Intel64 Family 6 Model 79 Stepping 1, GenuineIntel



---------------  S Y S T E M  ---------------

OS: Windows 10.0 , 64 bit Build 17134 (10.0.17134.556)

CPU:total 8 (initial active 8) (4 cores per cpu, 2 threads per core) family 6 model 79 stepping 1, cmov, cx8, fxsr, mmx, sse, sse2, sse3, ssse3, sse4.1, sse4.2, popcnt, avx, avx2, aes, clmul, erms, rtm, 3dnowpref, lzcnt, ht, tsc, tscinvbit, bmi1, bmi2, adx

Memory: 4k page, physical 16666296k(3978400k free), swap 47746808k(6856k free)

vm_info: Java HotSpot(TM) 64-Bit Server VM (25.151-b12) for windows-amd64 JRE (1.8.0_151-b12), built on Sep  5 2017 19:33:46 by "java_re" with MS VC++ 10.0 (VS2010)

time: Wed Mar 06 17:31:15 2019
elapsed time: 14 seconds (0d 0h 0m 14s)

