#
# There is insufficient memory for the Java Runtime Environment to continue.
# Native memory allocation (malloc) failed to allocate 32744 bytes for ChunkPool::allocate
# Possible reasons:
#   The system is out of physical RAM or swap space
#   In 32 bit mode, the process size limit was hit
# Possible solutions:
#   Reduce memory load on the system
#   Increase physical memory or swap space
#   Check if swap backing store is full
#   Use 64 bit Java on a 64 bit OS
#   Decrease Java heap size (-Xmx/-Xms)
#   Decrease number of Java threads
#   Decrease Java thread stack sizes (-Xss)
#   Set larger code cache with -XX:ReservedCodeCacheSize=
# This output file may be truncated or incomplete.
#
#  Out of Memory Error (allocation.cpp:273), pid=224000, tid=0x0000000000036e4c
#
# JRE version: Java(TM) SE Runtime Environment (8.0_151-b12) (build 1.8.0_151-b12)
# Java VM: Java HotSpot(TM) 64-Bit Server VM (25.151-b12 mixed mode windows-amd64 compressed oops)
# Failed to write core dump. Minidumps are not enabled by default on client versions of Windows
#

---------------  T H R E A D  ---------------

Current thread (0x0000000002ad2800):  JavaThread "main" [_thread_in_vm, id=224844, stack(0x0000000002970000,0x0000000002a70000)]

Stack: [0x0000000002970000,0x0000000002a70000]
[error occurred during error reporting (printing stack bounds), id 0xc0000005]

Native frames: (J=compiled Java code, j=interpreted, Vv=VM code, C=native code)

Java frames: (J=compiled Java code, j=interpreted, Vv=VM code)
j  org.springframework.boot.autoconfigure.web.servlet.WebMvcAutoConfiguration$WebMvcAutoConfigurationAdapter$FaviconConfiguration.faviconHandlerMapping()Lorg/springframework/web/servlet/handler/SimpleUrlHandlerMapping;+0
j  org.springframework.boot.autoconfigure.web.servlet.WebMvcAutoConfiguration$WebMvcAutoConfigurationAdapter$FaviconConfiguration$$EnhancerBySpringCGLIB$$888c9264.CGLIB$faviconHandlerMapping$1()Lorg/springframework/web/servlet/handler/SimpleUrlHandlerMapping;+1
j  org.springframework.boot.autoconfigure.web.servlet.WebMvcAutoConfiguration$WebMvcAutoConfigurationAdapter$FaviconConfiguration$$EnhancerBySpringCGLIB$$888c9264$$FastClassBySpringCGLIB$$8697b3b5.invoke(ILjava/lang/Object;[Ljava/lang/Object;)Ljava/lang/Object;+104
j  org.springframework.cglib.proxy.MethodProxy.invokeSuper(Ljava/lang/Object;[Ljava/lang/Object;)Ljava/lang/Object;+19
j  org.springframework.context.annotation.ConfigurationClassEnhancer$BeanMethodInterceptor.intercept(Ljava/lang/Object;Ljava/lang/reflect/Method;[Ljava/lang/Object;Lorg/springframework/cglib/proxy/MethodProxy;)Ljava/lang/Object;+207
j  org.springframework.boot.autoconfigure.web.servlet.WebMvcAutoConfiguration$WebMvcAutoConfigurationAdapter$FaviconConfiguration$$EnhancerBySpringCGLIB$$888c9264.faviconHandlerMapping()Lorg/springframework/web/servlet/handler/SimpleUrlHandlerMapping;+31
v  ~StubRoutines::call_stub
J 2091  sun.reflect.NativeMethodAccessorImpl.invoke0(Ljava/lang/reflect/Method;Ljava/lang/Object;[Ljava/lang/Object;)Ljava/lang/Object; (0 bytes) @ 0x00000000032efabf [0x00000000032efa40+0x7f]
J 2090 C1 sun.reflect.NativeMethodAccessorImpl.invoke(Ljava/lang/Object;[Ljava/lang/Object;)Ljava/lang/Object; (104 bytes) @ 0x00000000032f113c [0x00000000032eff40+0x11fc]
J 3672 C2 java.lang.reflect.Method.invoke(Ljava/lang/Object;[Ljava/lang/Object;)Ljava/lang/Object; (62 bytes) @ 0x000000000390ca74 [0x000000000390c9c0+0xb4]
j  org.springframework.beans.factory.support.SimpleInstantiationStrategy.instantiate(Lorg/springframework/beans/factory/support/RootBeanDefinition;Ljava/lang/String;Lorg/springframework/beans/factory/BeanFactory;Ljava/lang/Object;Ljava/lang/reflect/Method;[Ljava/lang/Object;)Ljava/lang/Object;+50
j  org.springframework.beans.factory.support.ConstructorResolver.instantiate(Ljava/lang/String;Lorg/springframework/beans/factory/support/RootBeanDefinition;Ljava/lang/Object;Ljava/lang/reflect/Method;[Ljava/lang/Object;)Ljava/lang/Object;+48
j  org.springframework.beans.factory.support.ConstructorResolver.instantiateUsingFactoryMethod(Ljava/lang/String;Lorg/springframework/beans/factory/support/RootBeanDefinition;[Ljava/lang/Object;)Lorg/springframework/beans/BeanWrapper;+439
j  org.springframework.beans.factory.support.AbstractAutowireCapableBeanFactory.instantiateUsingFactoryMethod(Ljava/lang/String;Lorg/springframework/beans/factory/support/RootBeanDefinition;[Ljava/lang/Object;)Lorg/springframework/beans/BeanWrapper;+11
j  org.springframework.beans.factory.support.AbstractAutowireCapableBeanFactory.createBeanInstance(Ljava/lang/String;Lorg/springframework/beans/factory/support/RootBeanDefinition;[Ljava/lang/Object;)Lorg/springframework/beans/BeanWrapper;+101
j  org.springframework.beans.factory.support.AbstractAutowireCapableBeanFactory.doCreateBean(Ljava/lang/String;Lorg/springframework/beans/factory/support/RootBeanDefinition;[Ljava/lang/Object;)Ljava/lang/Object;+34
j  org.springframework.beans.factory.support.AbstractAutowireCapableBeanFactory.createBean(Ljava/lang/String;Lorg/springframework/beans/factory/support/RootBeanDefinition;[Ljava/lang/Object;)Ljava/lang/Object;+169
j  org.springframework.beans.factory.support.AbstractBeanFactory.lambda$doGetBean$0(Ljava/lang/String;Lorg/springframework/beans/factory/support/RootBeanDefinition;[Ljava/lang/Object;)Ljava/lang/Object;+4
j  org.springframework.beans.factory.support.AbstractBeanFactory$$Lambda$98.getObject()Ljava/lang/Object;+16
j  org.springframework.beans.factory.support.DefaultSingletonBeanRegistry.getSingleton(Ljava/lang/String;Lorg/springframework/beans/factory/ObjectFactory;)Ljava/lang/Object;+132
J 2075 C1 org.springframework.beans.factory.support.AbstractBeanFactory.doGetBean(Ljava/lang/String;Ljava/lang/Class;[Ljava/lang/Object;Z)Ljava/lang/Object; (833 bytes) @ 0x00000000032d7d9c [0x00000000032d5be0+0x21bc]
j  org.springframework.beans.factory.support.AbstractBeanFactory.getBean(Ljava/lang/String;)Ljava/lang/Object;+5
j  org.springframework.beans.factory.support.DefaultListableBeanFactory.preInstantiateSingletons()V+248
j  org.springframework.context.support.AbstractApplicationContext.finishBeanFactoryInitialization(Lorg/springframework/beans/factory/config/ConfigurableListableBeanFactory;)V+124
j  org.springframework.context.support.AbstractApplicationContext.refresh()V+54
j  org.springframework.boot.SpringApplication.refresh(Lorg/springframework/context/ApplicationContext;)V+10
j  org.springframework.boot.SpringApplication.refreshContext(Lorg/springframework/context/ConfigurableApplicationContext;)V+2
j  org.springframework.boot.SpringApplication.run([Ljava/lang/String;)Lorg/springframework/context/ConfigurableApplicationContext;+118
j  org.springframework.boot.test.context.SpringBootContextLoader.loadContext(Lorg/springframework/test/context/MergedContextConfiguration;)Lorg/springframework/context/ApplicationContext;+273
j  org.springframework.test.context.cache.DefaultCacheAwareContextLoaderDelegate.loadContextInternal(Lorg/springframework/test/context/MergedContextConfiguration;)Lorg/springframework/context/ApplicationContext;+27
j  org.springframework.test.context.cache.DefaultCacheAwareContextLoaderDelegate.loadContext(Lorg/springframework/test/context/MergedContextConfiguration;)Lorg/springframework/context/ApplicationContext;+24
j  org.springframework.test.context.support.DefaultTestContext.getApplicationContext()Lorg/springframework/context/ApplicationContext;+8
j  org.springframework.test.context.web.ServletTestExecutionListener.setUpRequestContextIfNecessary(Lorg/springframework/test/context/TestContext;)V+18
j  org.springframework.test.context.web.ServletTestExecutionListener.prepareTestInstance(Lorg/springframework/test/context/TestContext;)V+2
j  org.springframework.test.context.TestContextManager.prepareTestInstance(Ljava/lang/Object;)V+89
j  org.springframework.test.context.junit4.SpringJUnit4ClassRunner.createTest()Ljava/lang/Object;+10
j  org.springframework.test.context.junit4.SpringJUnit4ClassRunner$1.runReflectiveCall()Ljava/lang/Object;+4
j  org.junit.internal.runners.model.ReflectiveCallable.run()Ljava/lang/Object;+1
j  org.springframework.test.context.junit4.SpringJUnit4ClassRunner.methodBlock(Lorg/junit/runners/model/FrameworkMethod;)Lorg/junit/runners/model/Statement;+8
j  org.springframework.test.context.junit4.SpringJUnit4ClassRunner.runChild(Lorg/junit/runners/model/FrameworkMethod;Lorg/junit/runner/notification/RunNotifier;)V+24
j  org.springframework.test.context.junit4.SpringJUnit4ClassRunner.runChild(Ljava/lang/Object;Lorg/junit/runner/notification/RunNotifier;)V+6
j  org.junit.runners.ParentRunner$3.run()V+12
j  org.junit.runners.ParentRunner$1.schedule(Ljava/lang/Runnable;)V+1
j  org.junit.runners.ParentRunner.runChildren(Lorg/junit/runner/notification/RunNotifier;)V+44
j  org.junit.runners.ParentRunner.access$000(Lorg/junit/runners/ParentRunner;Lorg/junit/runner/notification/RunNotifier;)V+2
j  org.junit.runners.ParentRunner$2.evaluate()V+8
j  org.springframework.test.context.junit4.statements.RunBeforeTestClassCallbacks.evaluate()V+11
j  org.springframework.test.context.junit4.statements.RunAfterTestClassCallbacks.evaluate()V+12
j  org.junit.runners.ParentRunner.run(Lorg/junit/runner/notification/RunNotifier;)V+20
j  org.springframework.test.context.junit4.SpringJUnit4ClassRunner.run(Lorg/junit/runner/notification/RunNotifier;)V+24
j  org.apache.maven.surefire.junit4.JUnit4Provider.execute(Ljava/lang/Class;Lorg/apache/maven/surefire/common/junit4/Notifier;Lorg/junit/runner/manipulation/Filter;)V+58
j  org.apache.maven.surefire.junit4.JUnit4Provider.executeWithRerun(Ljava/lang/Class;Lorg/apache/maven/surefire/common/junit4/Notifier;)V+60
j  org.apache.maven.surefire.junit4.JUnit4Provider.executeTestSet(Ljava/lang/Class;Lorg/apache/maven/surefire/report/RunListener;Lorg/apache/maven/surefire/common/junit4/Notifier;)V+34
j  org.apache.maven.surefire.junit4.JUnit4Provider.invoke(Ljava/lang/Object;)Lorg/apache/maven/surefire/suite/RunResult;+200
j  org.apache.maven.surefire.booter.ForkedBooter.invokeProviderInSameClassLoader(Lorg/apache/maven/surefire/booter/ForkingReporterFactory;)Lorg/apache/maven/surefire/suite/RunResult;+9
j  org.apache.maven.surefire.booter.ForkedBooter.runSuitesInProcess()Lorg/apache/maven/surefire/suite/RunResult;+7
j  org.apache.maven.surefire.booter.ForkedBooter.execute()V+1
j  org.apache.maven.surefire.booter.ForkedBooter.main([Ljava/lang/String;)V+35
v  ~StubRoutines::call_stub

---------------  P R O C E S S  ---------------

Java Threads: ( => current thread )
  0x0000000024a35800 JavaThread "HikariPool-1 connection adder" daemon [_thread_blocked, id=184068, stack(0x0000000026e80000,0x0000000026f80000)]
  0x0000000024a36800 JavaThread "HikariPool-1 housekeeper" daemon [_thread_blocked, id=181748, stack(0x0000000025b90000,0x0000000025c90000)]
  0x0000000024a34000 JavaThread "Abandoned connection cleanup thread" daemon [_thread_blocked, id=170148, stack(0x0000000025400000,0x0000000025500000)]
  0x000000001e734800 JavaThread "surefire-forkedjvm-ping-30s" daemon [_thread_in_native, id=233176, stack(0x000000001f420000,0x000000001f520000)]
  0x000000001e6d8800 JavaThread "surefire-forkedjvm-command-thread" daemon [_thread_in_native, id=232164, stack(0x000000001f320000,0x000000001f420000)]
  0x000000001e5d6800 JavaThread "Service Thread" daemon [_thread_blocked, id=181928, stack(0x000000001f120000,0x000000001f220000)]
  0x000000001e550800 JavaThread "C1 CompilerThread3" daemon [_thread_blocked, id=211836, stack(0x000000001f020000,0x000000001f120000)]
  0x000000001e549000 JavaThread "C2 CompilerThread2" daemon [_thread_in_native, id=233696, stack(0x000000001ef20000,0x000000001f020000)]
  0x000000001e544000 JavaThread "C2 CompilerThread1" daemon [_thread_in_native, id=216432, stack(0x000000001ee20000,0x000000001ef20000)]
  0x000000001e542000 JavaThread "C2 CompilerThread0" daemon [_thread_in_native, id=214100, stack(0x000000001ed20000,0x000000001ee20000)]
  0x000000001e53b000 JavaThread "Attach Listener" daemon [_thread_blocked, id=86080, stack(0x000000001ec20000,0x000000001ed20000)]
  0x000000001e53a000 JavaThread "Signal Dispatcher" daemon [_thread_blocked, id=231600, stack(0x000000001eb20000,0x000000001ec20000)]
  0x000000001e530800 JavaThread "Finalizer" daemon [_thread_blocked, id=219072, stack(0x000000001e910000,0x000000001ea10000)]
  0x0000000002bc9000 JavaThread "Reference Handler" daemon [_thread_blocked, id=217564, stack(0x000000001e410000,0x000000001e510000)]
=>0x0000000002ad2800 JavaThread "main" [_thread_in_vm, id=224844, stack(0x0000000002970000,0x0000000002a70000)]

Other Threads:
  0x000000001c649000 VMThread [stack: 0x000000001e310000,0x000000001e410000] [id=231820]
  0x000000001e609800 WatcherThread [stack: 0x000000001f220000,0x000000001f320000] [id=86692]

VM state:not at safepoint (normal execution)

VM Mutex/Monitor currently owned by a thread: None

Heap:
 PSYoungGen      total 224256K, used 19241K [0x000000076b380000, 0x0000000779b00000, 0x00000007c0000000)
  eden space 211968K, 3% used [0x000000076b380000,0x000000076ba4fef0,0x0000000778280000)
  from space 12288K, 99% used [0x0000000778280000,0x0000000778e7a650,0x0000000778e80000)
  to   space 12800K, 0% used [0x0000000778e80000,0x0000000778e80000,0x0000000779b00000)
 ParOldGen       total 152576K, used 25049K [0x00000006c1a00000, 0x00000006caf00000, 0x000000076b380000)
  object space 152576K, 16% used [0x00000006c1a00000,0x00000006c3276530,0x00000006caf00000)
 Metaspace       used 52945K, capacity 55250K, committed 55344K, reserved 1097728K
  class space    used 7285K, capacity 7709K, committed 7728K, reserved 1048576K

Card table byte_map: [0x0000000011f90000,0x0000000012790000] byte_map_base: 0x000000000e983000

Marking Bits: (ParMarkBitMap*) 0x000000006973d850
 Begin Bits: [0x00000000134e0000, 0x0000000017478000)
 End Bits:   [0x0000000017478000, 0x000000001b410000)

Polling page: 0x00000000027d0000

CodeCache: size=245760Kb used=14316Kb max_used=15737Kb free=231443Kb
 bounds [0x0000000002bd0000, 0x0000000003b50000, 0x0000000011bd0000]
 total_blobs=4371 nmethods=3859 adapters=422
 compilation: enabled

Compilation events (10 events):
Event: 9.704 Thread 0x000000001e550800 nmethod 4326 0x000000000303be10 code [0x000000000303bf80, 0x000000000303c1d0]
Event: 9.705 Thread 0x000000001e550800 4327       3       org.springframework.aop.aspectj.annotation.AbstractAspectJAdvisorFactory::isAspect (22 bytes)
Event: 9.705 Thread 0x000000001e550800 nmethod 4327 0x0000000002cf03d0 code [0x0000000002cf0560, 0x0000000002cf08f8]
Event: 9.705 Thread 0x000000001e550800 4328       3       org.springframework.aop.aspectj.annotation.AbstractAspectJAdvisorFactory::hasAspectAnnotation (15 bytes)
Event: 9.705 Thread 0x000000001e550800 nmethod 4328 0x0000000002cf17d0 code [0x0000000002cf1940, 0x0000000002cf1b88]
Event: 9.714 Thread 0x000000001e550800 4329       3       java.util.Collections$SingletonList::iterator (8 bytes)
Event: 9.715 Thread 0x000000001e550800 nmethod 4329 0x0000000002cdc650 code [0x0000000002cdc7c0, 0x0000000002cdcab0]
Event: 9.716 Thread 0x000000001e550800 4330       3       org.springframework.cglib.core.EmitUtils$13::transform (22 bytes)
Event: 9.716 Thread 0x000000001e550800 nmethod 4330 0x0000000002e14f90 code [0x0000000002e15120, 0x0000000002e15568]
Event: 9.716 Thread 0x000000001e550800 4333       3       org.springframework.cglib.core.EmitUtils::member_helper_type (337 bytes)

GC Heap History (10 events):
Event: 3.450 GC heap before
{Heap before GC invocations=5 (full 1):
 PSYoungGen      total 141824K, used 8787K [0x000000076b380000, 0x0000000774880000, 0x00000007c0000000)
  eden space 131072K, 0% used [0x000000076b380000,0x000000076b380000,0x0000000773380000)
  from space 10752K, 81% used [0x0000000773e00000,0x0000000774694f48,0x0000000774880000)
  to   space 10752K, 0% used [0x0000000773380000,0x0000000773380000,0x0000000773e00000)
 ParOldGen       total 175104K, used 40K [0x00000006c1a00000, 0x00000006cc500000, 0x000000076b380000)
  object space 175104K, 0% used [0x00000006c1a00000,0x00000006c1a0a000,0x00000006cc500000)
 Metaspace       used 20558K, capacity 21286K, committed 21296K, reserved 1067008K
  class space    used 2672K, capacity 2861K, committed 2864K, reserved 1048576K
Event: 3.483 GC heap after
Heap after GC invocations=5 (full 1):
 PSYoungGen      total 141824K, used 0K [0x000000076b380000, 0x0000000774880000, 0x00000007c0000000)
  eden space 131072K, 0% used [0x000000076b380000,0x000000076b380000,0x0000000773380000)
  from space 10752K, 0% used [0x0000000773e00000,0x0000000773e00000,0x0000000774880000)
  to   space 10752K, 0% used [0x0000000773380000,0x0000000773380000,0x0000000773e00000)
 ParOldGen       total 98304K, used 8586K [0x00000006c1a00000, 0x00000006c7a00000, 0x000000076b380000)
  object space 98304K, 8% used [0x00000006c1a00000,0x00000006c2262b00,0x00000006c7a00000)
 Metaspace       used 20558K, capacity 21286K, committed 21296K, reserved 1067008K
  class space    used 2672K, capacity 2861K, committed 2864K, reserved 1048576K
}
Event: 5.095 GC heap before
{Heap before GC invocations=6 (full 1):
 PSYoungGen      total 141824K, used 131072K [0x000000076b380000, 0x0000000774880000, 0x00000007c0000000)
  eden space 131072K, 100% used [0x000000076b380000,0x0000000773380000,0x0000000773380000)
  from space 10752K, 0% used [0x0000000773e00000,0x0000000773e00000,0x0000000774880000)
  to   space 10752K, 0% used [0x0000000773380000,0x0000000773380000,0x0000000773e00000)
 ParOldGen       total 98304K, used 8586K [0x00000006c1a00000, 0x00000006c7a00000, 0x000000076b380000)
  object space 98304K, 8% used [0x00000006c1a00000,0x00000006c2262b00,0x00000006c7a00000)
 Metaspace       used 31207K, capacity 32494K, committed 32560K, reserved 1077248K
  class space    used 4080K, capacity 4339K, committed 4400K, reserved 1048576K
Event: 5.112 GC heap after
Heap after GC invocations=6 (full 1):
 PSYoungGen      total 141824K, used 10735K [0x000000076b380000, 0x0000000779b00000, 0x00000007c0000000)
  eden space 131072K, 0% used [0x000000076b380000,0x000000076b380000,0x0000000773380000)
  from space 10752K, 99% used [0x0000000773380000,0x0000000773dfbc48,0x0000000773e00000)
  to   space 12800K, 0% used [0x0000000778e80000,0x0000000778e80000,0x0000000779b00000)
 ParOldGen       total 98304K, used 10648K [0x00000006c1a00000, 0x00000006c7a00000, 0x000000076b380000)
  object space 98304K, 10% used [0x00000006c1a00000,0x00000006c24660f0,0x00000006c7a00000)
 Metaspace       used 31207K, capacity 32494K, committed 32560K, reserved 1077248K
  class space    used 4080K, capacity 4339K, committed 4400K, reserved 1048576K
}
Event: 5.571 GC heap before
{Heap before GC invocations=7 (full 1):
 PSYoungGen      total 141824K, used 36964K [0x000000076b380000, 0x0000000779b00000, 0x00000007c0000000)
  eden space 131072K, 20% used [0x000000076b380000,0x000000076cd1d6a8,0x0000000773380000)
  from space 10752K, 99% used [0x0000000773380000,0x0000000773dfbc48,0x0000000773e00000)
  to   space 12800K, 0% used [0x0000000778e80000,0x0000000778e80000,0x0000000779b00000)
 ParOldGen       total 98304K, used 10648K [0x00000006c1a00000, 0x00000006c7a00000, 0x000000076b380000)
  object space 98304K, 10% used [0x00000006c1a00000,0x00000006c24660f0,0x00000006c7a00000)
 Metaspace       used 34105K, capacity 35390K, committed 35496K, reserved 1081344K
  class space    used 4375K, capacity 4649K, committed 4656K, reserved 1048576K
Event: 5.579 GC heap after
Heap after GC invocations=7 (full 1):
 PSYoungGen      total 224768K, used 7720K [0x000000076b380000, 0x0000000779b00000, 0x00000007c0000000)
  eden space 211968K, 0% used [0x000000076b380000,0x000000076b380000,0x0000000778280000)
  from space 12800K, 60% used [0x0000000778e80000,0x000000077960a0c0,0x0000000779b00000)
  to   space 12288K, 0% used [0x0000000778280000,0x0000000778280000,0x0000000778e80000)
 ParOldGen       total 98304K, used 10656K [0x00000006c1a00000, 0x00000006c7a00000, 0x000000076b380000)
  object space 98304K, 10% used [0x00000006c1a00000,0x00000006c24680f0,0x00000006c7a00000)
 Metaspace       used 34105K, capacity 35390K, committed 35496K, reserved 1081344K
  class space    used 4375K, capacity 4649K, committed 4656K, reserved 1048576K
}
Event: 5.579 GC heap before
{Heap before GC invocations=8 (full 2):
 PSYoungGen      total 224768K, used 7720K [0x000000076b380000, 0x0000000779b00000, 0x00000007c0000000)
  eden space 211968K, 0% used [0x000000076b380000,0x000000076b380000,0x0000000778280000)
  from space 12800K, 60% used [0x0000000778e80000,0x000000077960a0c0,0x0000000779b00000)
  to   space 12288K, 0% used [0x0000000778280000,0x0000000778280000,0x0000000778e80000)
 ParOldGen       total 98304K, used 10656K [0x00000006c1a00000, 0x00000006c7a00000, 0x000000076b380000)
  object space 98304K, 10% used [0x00000006c1a00000,0x00000006c24680f0,0x00000006c7a00000)
 Metaspace       used 34105K, capacity 35390K, committed 35496K, reserved 1081344K
  class space    used 4375K, capacity 4649K, committed 4656K, reserved 1048576K
Event: 5.631 GC heap after
Heap after GC invocations=8 (full 2):
 PSYoungGen      total 224768K, used 0K [0x000000076b380000, 0x0000000779b00000, 0x00000007c0000000)
  eden space 211968K, 0% used [0x000000076b380000,0x000000076b380000,0x0000000778280000)
  from space 12800K, 0% used [0x0000000778e80000,0x0000000778e80000,0x0000000779b00000)
  to   space 12288K, 0% used [0x0000000778280000,0x0000000778280000,0x0000000778e80000)
 ParOldGen       total 152576K, used 14418K [0x00000006c1a00000, 0x00000006caf00000, 0x000000076b380000)
  object space 152576K, 9% used [0x00000006c1a00000,0x00000006c2814900,0x00000006caf00000)
 Metaspace       used 34105K, capacity 35390K, committed 35496K, reserved 1081344K
  class space    used 4375K, capacity 4649K, committed 4656K, reserved 1048576K
}
Event: 9.649 GC heap before
{Heap before GC invocations=9 (full 2):
 PSYoungGen      total 224768K, used 211968K [0x000000076b380000, 0x0000000779b00000, 0x00000007c0000000)
  eden space 211968K, 100% used [0x000000076b380000,0x0000000778280000,0x0000000778280000)
  from space 12800K, 0% used [0x0000000778e80000,0x0000000778e80000,0x0000000779b00000)
  to   space 12288K, 0% used [0x0000000778280000,0x0000000778280000,0x0000000778e80000)
 ParOldGen       total 152576K, used 14418K [0x00000006c1a00000, 0x00000006caf00000, 0x000000076b380000)
  object space 152576K, 9% used [0x00000006c1a00000,0x00000006c2814900,0x00000006caf00000)
 Metaspace       used 52919K, capacity 55186K, committed 55344K, reserved 1097728K
  class space    used 7283K, capacity 7709K, committed 7728K, reserved 1048576K
Event: 9.685 GC heap after
Heap after GC invocations=9 (full 2):
 PSYoungGen      total 224256K, used 12265K [0x000000076b380000, 0x0000000779b00000, 0x00000007c0000000)
  eden space 211968K, 0% used [0x000000076b380000,0x000000076b380000,0x0000000778280000)
  from space 12288K, 99% used [0x0000000778280000,0x0000000778e7a650,0x0000000778e80000)
  to   space 12800K, 0% used [0x0000000778e80000,0x0000000778e80000,0x0000000779b00000)
 ParOldGen       total 152576K, used 25049K [0x00000006c1a00000, 0x00000006caf00000, 0x000000076b380000)
  object space 152576K, 16% used [0x00000006c1a00000,0x00000006c3276530,0x00000006caf00000)
 Metaspace       used 52919K, capacity 55186K, committed 55344K, reserved 1097728K
  class space    used 7283K, capacity 7709K, committed 7728K, reserved 1048576K
}

Deoptimization events (10 events):
Event: 8.919 Thread 0x0000000002ad2800 Uncommon trap: reason=bimorphic action=maybe_recompile pc=0x00000000035ec894 method=java.util.Hashtable.get(Ljava/lang/Object;)Ljava/lang/Object; @ 6
Event: 8.919 Thread 0x0000000002ad2800 Uncommon trap: reason=bimorphic action=maybe_recompile pc=0x00000000035ec894 method=java.util.Hashtable.get(Ljava/lang/Object;)Ljava/lang/Object; @ 6
Event: 8.919 Thread 0x0000000002ad2800 Uncommon trap: reason=bimorphic action=maybe_recompile pc=0x00000000035ec894 method=java.util.Hashtable.get(Ljava/lang/Object;)Ljava/lang/Object; @ 6
Event: 8.919 Thread 0x0000000002ad2800 Uncommon trap: reason=unstable_if action=reinterpret pc=0x0000000002cf79c0 method=java.lang.CharacterData.of(I)Ljava/lang/CharacterData; @ 4
Event: 9.075 Thread 0x0000000002ad2800 Uncommon trap: reason=unstable_if action=reinterpret pc=0x00000000034c97ec method=org.springframework.asm.Frame.merge(Lorg/springframework/asm/SymbolTable;I[II)Z @ 87
Event: 9.090 Thread 0x0000000002ad2800 Uncommon trap: reason=unstable_if action=reinterpret pc=0x00000000036df8c4 method=org.springframework.aop.framework.autoproxy.AbstractAutoProxyCreator.predictBeanType(Ljava/lang/Class;Ljava/lang/String;)Ljava/lang/Class; @ 9
Event: 9.090 Thread 0x0000000002ad2800 Uncommon trap: reason=unstable_if action=reinterpret pc=0x000000000361cc24 method=org.springframework.beans.factory.support.AbstractAutowireCapableBeanFactory.predictBeanType(Ljava/lang/String;Lorg/springframework/beans/factory/support/RootBeanDefinition;
Event: 9.202 Thread 0x0000000002ad2800 Uncommon trap: reason=unstable_if action=reinterpret pc=0x000000000360f1dc method=org.springframework.beans.factory.support.AbstractAutowireCapableBeanFactory.predictBeanType(Ljava/lang/String;Lorg/springframework/beans/factory/support/RootBeanDefinition;
Event: 9.338 Thread 0x0000000002ad2800 Uncommon trap: reason=bimorphic action=maybe_recompile pc=0x00000000035ef95c method=java.util.Collections$SetFromMap.contains(Ljava/lang/Object;)Z @ 5
Event: 9.340 Thread 0x0000000002ad2800 Uncommon trap: reason=null_check action=make_not_entrant pc=0x0000000003afd6a4 method=org.springframework.core.annotation.AnnotatedElementUtils.searchWithFindSemantics(Ljava/lang/reflect/AnnotatedElement;Ljava/util/Set;Ljava/lang/String;Ljava/lang/Class;L

Internal exceptions (10 events):
Event: 9.703 Thread 0x0000000002ad2800 Exception <a 'java/lang/ClassNotFoundException': org/springframework/boot/autoconfigure/web/servlet/error/BasicErrorControllerCustomizer> (0x000000076b520828) thrown at [C:\re\workspace\8-2-build-windows-amd64-cygwin\jdk8u151\9699\hotspot\src\share\vm\cla
Event: 9.704 Thread 0x0000000002ad2800 Exception <a 'java/lang/ClassNotFoundException': org/springframework/boot/web/servlet/error/ErrorControllerCustomizer> (0x000000076b5456b8) thrown at [C:\re\workspace\8-2-build-windows-amd64-cygwin\jdk8u151\9699\hotspot\src\share\vm\classfile\systemDictio
Event: 9.707 Thread 0x0000000002ad2800 Exception <a 'java/lang/ClassNotFoundException': java/lang/ObjectCustomizer> (0x000000076b579990) thrown at [C:\re\workspace\8-2-build-windows-amd64-cygwin\jdk8u151\9699\hotspot\src\share\vm\classfile\systemDictionary.cpp, line 210]
Event: 9.709 Thread 0x0000000002ad2800 Exception <a 'java/lang/ClassNotFoundException': org/springframework/boot/autoconfigure/web/servlet/WebMvcAutoConfiguration$WebMvcAutoConfigurationAdapter$FaviconConfigurationCustomizer> (0x000000076b5b0008) thrown at [C:\re\workspace\8-2-build-windows-am
Event: 9.710 Thread 0x0000000002ad2800 Exception <a 'java/lang/ClassNotFoundException': org/springframework/boot/autoconfigure/web/servlet/WebMvcAutoConfiguration$WebMvcAutoConfigurationAdapter$FaviconConfiguration$$EnhancerBySpringCGLIB$$888c9264Customizer> (0x000000076b5efe48) thrown at [C:\
Event: 9.711 Thread 0x0000000002ad2800 Exception <a 'java/lang/ClassNotFoundException': org/springframework/context/annotation/ConfigurationClassEnhancer$EnhancedConfigurationCustomizer> (0x000000076b6205f8) thrown at [C:\re\workspace\8-2-build-windows-amd64-cygwin\jdk8u151\9699\hotspot\src\sh
Event: 9.711 Thread 0x0000000002ad2800 Exception <a 'java/lang/ClassNotFoundException': org/springframework/beans/factory/BeanFactoryAwareCustomizer> (0x000000076b63c538) thrown at [C:\re\workspace\8-2-build-windows-amd64-cygwin\jdk8u151\9699\hotspot\src\share\vm\classfile\systemDictionary.cpp
Event: 9.712 Thread 0x0000000002ad2800 Exception <a 'java/lang/ClassNotFoundException': org/springframework/beans/factory/AwareCustomizer> (0x000000076b656210) thrown at [C:\re\workspace\8-2-build-windows-amd64-cygwin\jdk8u151\9699\hotspot\src\share\vm\classfile\systemDictionary.cpp, line 210]
Event: 9.713 Thread 0x0000000002ad2800 Exception <a 'java/lang/ClassNotFoundException': org/springframework/context/ResourceLoaderAwareCustomizer> (0x000000076b670840) thrown at [C:\re\workspace\8-2-build-windows-amd64-cygwin\jdk8u151\9699\hotspot\src\share\vm\classfile\systemDictionary.cpp, l
Event: 9.714 Thread 0x0000000002ad2800 Exception <a 'java/lang/ClassNotFoundException': org/springframework/beans/factory/AwareCustomizer> (0x000000076b689d00) thrown at [C:\re\workspace\8-2-build-windows-amd64-cygwin\jdk8u151\9699\hotspot\src\share\vm\classfile\systemDictionary.cpp, line 210]

Events (10 events):
Event: 9.716 Thread 0x000000001e550800 flushing nmethod 0x0000000002fe6210
Event: 9.716 Thread 0x000000001e550800 flushing nmethod 0x0000000002fed910
Event: 9.716 Thread 0x000000001e550800 flushing nmethod 0x0000000002ff1590
Event: 9.716 Thread 0x000000001e550800 flushing nmethod 0x0000000003001110
Event: 9.716 Thread 0x000000001e550800 flushing nmethod 0x000000000301cad0
Event: 9.716 Thread 0x000000001e550800 flushing nmethod 0x0000000003024390
Event: 9.716 Thread 0x000000001e550800 flushing nmethod 0x000000000302b850
Event: 9.716 Thread 0x000000001e550800 flushing nmethod 0x0000000003035b50
Event: 9.717 loading class org/springframework/web/cors/CorsProcessor
Event: 9.717 loading class org/springframework/web/cors/CorsProcessor done


Dynamic libraries:
0x00007ff759820000 - 0x00007ff759857000 	C:\Program Files\Java\jdk1.8.0_151\jre\bin\java.exe
0x00007ff990e60000 - 0x00007ff991041000 	C:\WINDOWS\SYSTEM32\ntdll.dll
0x00007ff990be0000 - 0x00007ff990c92000 	C:\WINDOWS\System32\KERNEL32.DLL
0x00007ff990960000 - 0x00007ff990bd3000 	C:\WINDOWS\System32\KERNELBASE.dll
0x00007ff98ff10000 - 0x00007ff98ffb1000 	C:\WINDOWS\System32\ADVAPI32.dll
0x00007ff98e050000 - 0x00007ff98e0ee000 	C:\WINDOWS\System32\msvcrt.dll
0x00007ff98fc70000 - 0x00007ff98fccb000 	C:\WINDOWS\System32\sechost.dll
0x00007ff98fd80000 - 0x00007ff98fea4000 	C:\WINDOWS\System32\RPCRT4.dll
0x00007ff990ca0000 - 0x00007ff990e30000 	C:\WINDOWS\System32\USER32.dll
0x00007ff98d7e0000 - 0x00007ff98d800000 	C:\WINDOWS\System32\win32u.dll
0x00007ff98e750000 - 0x00007ff98e778000 	C:\WINDOWS\System32\GDI32.dll
0x00007ff98d1f0000 - 0x00007ff98d382000 	C:\WINDOWS\System32\gdi32full.dll
0x00007ff98df10000 - 0x00007ff98dfaf000 	C:\WINDOWS\System32\msvcp_win.dll
0x00007ff98d5e0000 - 0x00007ff98d6da000 	C:\WINDOWS\System32\ucrtbase.dll
0x00007ff982b90000 - 0x00007ff982df9000 	C:\WINDOWS\WinSxS\amd64_microsoft.windows.common-controls_6595b64144ccf1df_6.0.17134.590_none_fb3d9bff3069e088\COMCTL32.dll
0x00007ff98e190000 - 0x00007ff98e4b2000 	C:\WINDOWS\System32\combase.dll
0x00007ff98dfb0000 - 0x00007ff98e02a000 	C:\WINDOWS\System32\bcryptPrimitives.dll
0x00007ff98fd50000 - 0x00007ff98fd7d000 	C:\WINDOWS\System32\IMM32.DLL
0x0000000068000000 - 0x000000006805d000 	C:\WINDOWS\System32\QIPCAP64.dll
0x00007ff98e830000 - 0x00007ff98fc70000 	C:\WINDOWS\System32\SHELL32.dll
0x00007ff98d790000 - 0x00007ff98d7d9000 	C:\WINDOWS\System32\cfgmgr32.dll
0x00007ff98e780000 - 0x00007ff98e829000 	C:\WINDOWS\System32\shcore.dll
0x00007ff98d800000 - 0x00007ff98df0d000 	C:\WINDOWS\System32\windows.storage.dll
0x00007ff98feb0000 - 0x00007ff98ff01000 	C:\WINDOWS\System32\shlwapi.dll
0x00007ff98d1b0000 - 0x00007ff98d1c1000 	C:\WINDOWS\System32\kernel.appcore.dll
0x00007ff98d1d0000 - 0x00007ff98d1ef000 	C:\WINDOWS\System32\profapi.dll
0x00007ff98d140000 - 0x00007ff98d18c000 	C:\WINDOWS\System32\powrprof.dll
0x00007ff98d130000 - 0x00007ff98d13a000 	C:\WINDOWS\System32\FLTLIB.DLL
0x00007ff98c770000 - 0x00007ff98c82e000 	C:\WINDOWS\SYSTEM32\DNSAPI.dll
0x00007ff98fce0000 - 0x00007ff98fd4c000 	C:\WINDOWS\System32\WS2_32.dll
0x00007ff98e180000 - 0x00007ff98e188000 	C:\WINDOWS\System32\NSI.dll
0x00007ff98c730000 - 0x00007ff98c768000 	C:\WINDOWS\SYSTEM32\IPHLPAPI.DLL
0x00000000697c0000 - 0x0000000069892000 	C:\Program Files\Java\jdk1.8.0_151\jre\bin\msvcr100.dll
0x0000000068f20000 - 0x00000000697bd000 	C:\Program Files\Java\jdk1.8.0_151\jre\bin\server\jvm.dll
0x00007ff98fcd0000 - 0x00007ff98fcd8000 	C:\WINDOWS\System32\PSAPI.DLL
0x00007ff9885f0000 - 0x00007ff9885fa000 	C:\WINDOWS\SYSTEM32\VERSION.dll
0x00007ff98b0f0000 - 0x00007ff98b113000 	C:\WINDOWS\SYSTEM32\WINMM.dll
0x00007ff97e770000 - 0x00007ff97e779000 	C:\WINDOWS\SYSTEM32\WSOCK32.dll
0x00007ff98b0c0000 - 0x00007ff98b0ea000 	C:\WINDOWS\SYSTEM32\winmmbase.dll
0x000000006a860000 - 0x000000006a86f000 	C:\Program Files\Java\jdk1.8.0_151\jre\bin\verify.dll
0x0000000068ef0000 - 0x0000000068f19000 	C:\Program Files\Java\jdk1.8.0_151\jre\bin\java.dll
0x0000000068ed0000 - 0x0000000068ee6000 	C:\Program Files\Java\jdk1.8.0_151\jre\bin\zip.dll
0x0000000068ec0000 - 0x0000000068ecd000 	C:\Program Files\Java\jdk1.8.0_151\jre\bin\management.dll
0x0000000068ea0000 - 0x0000000068eba000 	C:\Program Files\Java\jdk1.8.0_151\jre\bin\net.dll
0x00007ff98c9b0000 - 0x00007ff98ca16000 	C:\WINDOWS\system32\mswsock.dll
0x0000000068e80000 - 0x0000000068e91000 	C:\Program Files\Java\jdk1.8.0_151\jre\bin\nio.dll
0x00007ff977510000 - 0x00007ff977526000 	C:\WINDOWS\system32\napinsp.dll
0x00007ff9774f0000 - 0x00007ff97750a000 	C:\WINDOWS\system32\pnrpnsp.dll
0x00007ff988850000 - 0x00007ff988869000 	C:\WINDOWS\system32\NLAapi.dll
0x00007ff9774e0000 - 0x00007ff9774ee000 	C:\WINDOWS\System32\winrnr.dll
0x00007ff981ec0000 - 0x00007ff981eca000 	C:\Windows\System32\rasadhlp.dll
0x00007ff988d70000 - 0x00007ff988de2000 	C:\WINDOWS\System32\fwpuclnt.dll
0x00007ff98cc90000 - 0x00007ff98ccb5000 	C:\WINDOWS\SYSTEM32\bcrypt.dll
0x00007ff98cb60000 - 0x00007ff98cb77000 	C:\WINDOWS\SYSTEM32\CRYPTSP.dll
0x00007ff98c590000 - 0x00007ff98c5c3000 	C:\WINDOWS\system32\rsaenh.dll
0x00007ff98d030000 - 0x00007ff98d058000 	C:\WINDOWS\SYSTEM32\USERENV.dll
0x00007ff98cb80000 - 0x00007ff98cb8b000 	C:\WINDOWS\SYSTEM32\CRYPTBASE.dll
0x00007ff988d30000 - 0x00007ff988d46000 	C:\WINDOWS\SYSTEM32\dhcpcsvc6.DLL
0x00007ff988d10000 - 0x00007ff988d2a000 	C:\WINDOWS\SYSTEM32\dhcpcsvc.DLL

VM Arguments:
java_command: e:\Users\APERAL~1\AppData\Local\Temp\surefire5413773004370589745\surefirebooter4929016946032946582.jar E:\Users\aperaltap\AppData\Local\Temp\surefire5413773004370589745 2019-03-06T16-59-14_579-jvmRun1 surefire8484489230655246694tmp surefire_03219012515344508798tmp
java_class_path (initial): e:\Users\APERAL~1\AppData\Local\Temp\surefire5413773004370589745\surefirebooter4929016946032946582.jar
Launcher Type: SUN_STANDARD

Environment Variables:
JAVA_HOME=C:\Program Files\Java\jdk1.8.0_151
JRE_HOME=C:\Program Files (x86)\IBM\RationalSDLC\Common\Java5.0\jre
CLASSPATH=C:\Program Files (x86)\IBM\RationalSDLC\ClearQuest\cqjni.jar
USERNAME=aperaltap
OS=Windows_NT
PROCESSOR_IDENTIFIER=Intel64 Family 6 Model 79 Stepping 1, GenuineIntel



---------------  S Y S T E M  ---------------

OS: Windows 10.0 , 64 bit Build 17134 (10.0.17134.556)

CPU:total 8 (initial active 8) (4 cores per cpu, 2 threads per core) family 6 model 79 stepping 1, cmov, cx8, fxsr, mmx, sse, sse2, sse3, ssse3, sse4.1, sse4.2, popcnt, avx, avx2, aes, clmul, erms, rtm, 3dnowpref, lzcnt, ht, tsc, tscinvbit, bmi1, bmi2, adx

Memory: 4k page, physical 16666296k(4059848k free), swap 47746808k(9408k free)

vm_info: Java HotSpot(TM) 64-Bit Server VM (25.151-b12) for windows-amd64 JRE (1.8.0_151-b12), built on Sep  5 2017 19:33:46 by "java_re" with MS VC++ 10.0 (VS2010)

time: Wed Mar 06 16:59:26 2019
elapsed time: 9 seconds (0d 0h 0m 9s)

