#
# There is insufficient memory for the Java Runtime Environment to continue.
# Native memory allocation (malloc) failed to allocate 72992 bytes for Chunk::new
# Possible reasons:
#   The system is out of physical RAM or swap space
#   In 32 bit mode, the process size limit was hit
# Possible solutions:
#   Reduce memory load on the system
#   Increase physical memory or swap space
#   Check if swap backing store is full
#   Use 64 bit Java on a 64 bit OS
#   Decrease Java heap size (-Xmx/-Xms)
#   Decrease number of Java threads
#   Decrease Java thread stack sizes (-Xss)
#   Set larger code cache with -XX:ReservedCodeCacheSize=
# This output file may be truncated or incomplete.
#
#  Out of Memory Error (allocation.cpp:390), pid=78368, tid=0x0000000000008c04
#
# JRE version: Java(TM) SE Runtime Environment (8.0_151-b12) (build 1.8.0_151-b12)
# Java VM: Java HotSpot(TM) 64-Bit Server VM (25.151-b12 mixed mode windows-amd64 compressed oops)
# Failed to write core dump. Minidumps are not enabled by default on client versions of Windows
#

---------------  T H R E A D  ---------------

Current thread (0x000000001e9a1000):  JavaThread "C2 CompilerThread0" daemon [_thread_in_native, id=35844, stack(0x000000001f180000,0x000000001f280000)]

Stack: [0x000000001f180000,0x000000001f280000]
[error occurred during error reporting (printing stack bounds), id 0xc0000005]

Native frames: (J=compiled Java code, j=interpreted, Vv=VM code, C=native code)


Current CompileTask:
C2:   7682 3478   !   4       java.net.URLClassLoader$1::run (63 bytes)


---------------  P R O C E S S  ---------------

Java Threads: ( => current thread )
  0x0000000023009000 JavaThread "HikariPool-1 connection adder" daemon [_thread_blocked, id=70196, stack(0x00000000253e0000,0x00000000254e0000)]
  0x0000000023006000 JavaThread "HikariPool-1 housekeeper" daemon [_thread_blocked, id=70880, stack(0x00000000252e0000,0x00000000253e0000)]
  0x0000000023006800 JavaThread "Abandoned connection cleanup thread" daemon [_thread_blocked, id=54028, stack(0x0000000024b90000,0x0000000024c90000)]
  0x000000001eb5d000 JavaThread "surefire-forkedjvm-ping-30s" daemon [_thread_in_Java, id=14988, stack(0x000000001f880000,0x000000001f980000)]
  0x000000001eaef800 JavaThread "surefire-forkedjvm-command-thread" daemon [_thread_in_native, id=55784, stack(0x000000001f780000,0x000000001f880000)]
  0x000000001ea35800 JavaThread "Service Thread" daemon [_thread_blocked, id=43004, stack(0x000000001f580000,0x000000001f680000)]
  0x000000001e9af800 JavaThread "C1 CompilerThread3" daemon [_thread_blocked, id=36140, stack(0x000000001f480000,0x000000001f580000)]
  0x000000001e9a7800 JavaThread "C2 CompilerThread2" daemon [_thread_in_native, id=64464, stack(0x000000001f380000,0x000000001f480000)]
  0x000000001e9a3000 JavaThread "C2 CompilerThread1" daemon [_thread_blocked, id=73668, stack(0x000000001f280000,0x000000001f380000)]
=>0x000000001e9a1000 JavaThread "C2 CompilerThread0" daemon [_thread_in_native, id=35844, stack(0x000000001f180000,0x000000001f280000)]
  0x000000001e99a000 JavaThread "Attach Listener" daemon [_thread_blocked, id=39196, stack(0x000000001f080000,0x000000001f180000)]
  0x000000001e999000 JavaThread "Signal Dispatcher" daemon [_thread_blocked, id=53208, stack(0x000000001ef80000,0x000000001f080000)]
  0x000000001e990800 JavaThread "Finalizer" daemon [_thread_blocked, id=45672, stack(0x000000001ed70000,0x000000001ee70000)]
  0x000000001ca7d000 JavaThread "Reference Handler" daemon [_thread_blocked, id=75164, stack(0x000000001e870000,0x000000001e970000)]
  0x0000000002f52800 JavaThread "main" [_thread_in_native, id=314936, stack(0x0000000002db0000,0x0000000002eb0000)]

Other Threads:
  0x000000001ca79000 VMThread [stack: 0x000000001e770000,0x000000001e870000] [id=72044]
  0x000000001e9fb000 WatcherThread [stack: 0x000000001f680000,0x000000001f780000] [id=67656]

VM state:not at safepoint (normal execution)

VM Mutex/Monitor currently owned by a thread: None

Heap:
 PSYoungGen      total 173568K, used 58209K [0x000000076b380000, 0x0000000778f80000, 0x00000007c0000000)
  eden space 163840K, 35% used [0x000000076b380000,0x000000076ec58618,0x0000000775380000)
  from space 9728K, 0% used [0x0000000775e80000,0x0000000775e80000,0x0000000776800000)
  to   space 11264K, 0% used [0x0000000775380000,0x0000000775380000,0x0000000775e80000)
 ParOldGen       total 147456K, used 15135K [0x00000006c1a00000, 0x00000006caa00000, 0x000000076b380000)
  object space 147456K, 10% used [0x00000006c1a00000,0x00000006c28c7ff8,0x00000006caa00000)
 Metaspace       used 40318K, capacity 41662K, committed 41816K, reserved 1085440K
  class space    used 5438K, capacity 5731K, committed 5760K, reserved 1048576K

Card table byte_map: [0x0000000012410000,0x0000000012c10000] byte_map_base: 0x000000000ee03000

Marking Bits: (ParMarkBitMap*) 0x000000006973d850
 Begin Bits: [0x0000000013960000, 0x00000000178f8000)
 End Bits:   [0x00000000178f8000, 0x000000001b890000)

Polling page: 0x0000000001430000

CodeCache: size=245760Kb used=12996Kb max_used=12996Kb free=232763Kb
 bounds [0x0000000003050000, 0x0000000003d10000, 0x0000000012050000]
 total_blobs=3969 nmethods=3516 adapters=365
 compilation: enabled

Compilation events (10 events):
Event: 7.669 Thread 0x000000001e9af800 3515       3       com.mysql.cj.result.DefaultColumnDefinition::findColumn (189 bytes)
Event: 7.670 Thread 0x000000001e9af800 nmethod 3515 0x0000000003cf8310 code [0x0000000003cf8580, 0x0000000003cf96b8]
Event: 7.670 Thread 0x000000001e9af800 3516   !   3       com.mysql.cj.jdbc.result.ResultSetImpl::findColumn (105 bytes)
Event: 7.671 Thread 0x000000001e9af800 nmethod 3516 0x0000000003d02490 code [0x0000000003d02760, 0x0000000003d03b58]
Event: 7.671 Thread 0x000000001e9af800 3517       3       com.mysql.cj.jdbc.result.ResultSetImpl::checkRowPos (27 bytes)
Event: 7.672 Thread 0x000000001e9af800 nmethod 3517 0x0000000003cf7b50 code [0x0000000003cf7ce0, 0x0000000003cf81a8]
Event: 7.672 Thread 0x000000001e9af800 3518   !   3       com.mysql.cj.jdbc.result.ResultSetImpl::checkColumnBounds (149 bytes)
Event: 7.674 Thread 0x000000001e9af800 nmethod 3518 0x0000000003d04890 code [0x0000000003d04cc0, 0x0000000003d07468]
Event: 7.674 Thread 0x000000001e9af800 3514       3       com.mysql.cj.protocol.a.MysqlTextValueDecoder::decodeByteArray (11 bytes)
Event: 7.674 Thread 0x000000001e9af800 nmethod 3514 0x0000000003cf76d0 code [0x0000000003cf7840, 0x0000000003cf7a68]

GC Heap History (10 events):
Event: 2.286 GC heap before
{Heap before GC invocations=4 (full 1):
 PSYoungGen      total 76288K, used 7363K [0x000000076b380000, 0x0000000774880000, 0x00000007c0000000)
  eden space 65536K, 0% used [0x000000076b380000,0x000000076b380000,0x000000076f380000)
  from space 10752K, 68% used [0x000000076f380000,0x000000076fab0d18,0x000000076fe00000)
  to   space 10752K, 0% used [0x0000000773e00000,0x0000000773e00000,0x0000000774880000)
 ParOldGen       total 175104K, used 32K [0x00000006c1a00000, 0x00000006cc500000, 0x000000076b380000)
  object space 175104K, 0% used [0x00000006c1a00000,0x00000006c1a08000,0x00000006cc500000)
 Metaspace       used 20605K, capacity 21138K, committed 21248K, reserved 1067008K
  class space    used 2646K, capacity 2773K, committed 2816K, reserved 1048576K
Event: 2.309 GC heap after
Heap after GC invocations=4 (full 1):
 PSYoungGen      total 76288K, used 0K [0x000000076b380000, 0x0000000774880000, 0x00000007c0000000)
  eden space 65536K, 0% used [0x000000076b380000,0x000000076b380000,0x000000076f380000)
  from space 10752K, 0% used [0x000000076f380000,0x000000076f380000,0x000000076fe00000)
  to   space 10752K, 0% used [0x0000000773e00000,0x0000000773e00000,0x0000000774880000)
 ParOldGen       total 96768K, used 7070K [0x00000006c1a00000, 0x00000006c7880000, 0x000000076b380000)
  object space 96768K, 7% used [0x00000006c1a00000,0x00000006c20e7988,0x00000006c7880000)
 Metaspace       used 20605K, capacity 21138K, committed 21248K, reserved 1067008K
  class space    used 2646K, capacity 2773K, committed 2816K, reserved 1048576K
}
Event: 3.700 GC heap before
{Heap before GC invocations=5 (full 1):
 PSYoungGen      total 76288K, used 65536K [0x000000076b380000, 0x0000000774880000, 0x00000007c0000000)
  eden space 65536K, 100% used [0x000000076b380000,0x000000076f380000,0x000000076f380000)
  from space 10752K, 0% used [0x000000076f380000,0x000000076f380000,0x000000076fe00000)
  to   space 10752K, 0% used [0x0000000773e00000,0x0000000773e00000,0x0000000774880000)
 ParOldGen       total 96768K, used 7070K [0x00000006c1a00000, 0x00000006c7880000, 0x000000076b380000)
  object space 96768K, 7% used [0x00000006c1a00000,0x00000006c20e7988,0x00000006c7880000)
 Metaspace       used 25989K, capacity 26772K, committed 26880K, reserved 1073152K
  class space    used 3345K, capacity 3538K, committed 3584K, reserved 1048576K
Event: 3.707 GC heap after
Heap after GC invocations=5 (full 1):
 PSYoungGen      total 111616K, used 6879K [0x000000076b380000, 0x0000000774500000, 0x00000007c0000000)
  eden space 104448K, 0% used [0x000000076b380000,0x000000076b380000,0x0000000771980000)
  from space 7168K, 95% used [0x0000000773e00000,0x00000007744b7f50,0x0000000774500000)
  to   space 10752K, 0% used [0x0000000773000000,0x0000000773000000,0x0000000773a80000)
 ParOldGen       total 96768K, used 7142K [0x00000006c1a00000, 0x00000006c7880000, 0x000000076b380000)
  object space 96768K, 7% used [0x00000006c1a00000,0x00000006c20f9998,0x00000006c7880000)
 Metaspace       used 25989K, capacity 26772K, committed 26880K, reserved 1073152K
  class space    used 3345K, capacity 3538K, committed 3584K, reserved 1048576K
}
Event: 4.516 GC heap before
{Heap before GC invocations=6 (full 1):
 PSYoungGen      total 111616K, used 111327K [0x000000076b380000, 0x0000000774500000, 0x00000007c0000000)
  eden space 104448K, 100% used [0x000000076b380000,0x0000000771980000,0x0000000771980000)
  from space 7168K, 95% used [0x0000000773e00000,0x00000007744b7f50,0x0000000774500000)
  to   space 10752K, 0% used [0x0000000773000000,0x0000000773000000,0x0000000773a80000)
 ParOldGen       total 96768K, used 7142K [0x00000006c1a00000, 0x00000006c7880000, 0x000000076b380000)
  object space 96768K, 7% used [0x00000006c1a00000,0x00000006c20f9998,0x00000006c7880000)
 Metaspace       used 29744K, capacity 30896K, committed 31104K, reserved 1077248K
  class space    used 3868K, capacity 4126K, committed 4224K, reserved 1048576K
Event: 4.527 GC heap after
Heap after GC invocations=6 (full 1):
 PSYoungGen      total 138240K, used 9185K [0x000000076b380000, 0x0000000776800000, 0x00000007c0000000)
  eden space 127488K, 0% used [0x000000076b380000,0x000000076b380000,0x0000000773000000)
  from space 10752K, 85% used [0x0000000773000000,0x00000007738f87a0,0x0000000773a80000)
  to   space 9728K, 0% used [0x0000000775e80000,0x0000000775e80000,0x0000000776800000)
 ParOldGen       total 96768K, used 7150K [0x00000006c1a00000, 0x00000006c7880000, 0x000000076b380000)
  object space 96768K, 7% used [0x00000006c1a00000,0x00000006c20fb998,0x00000006c7880000)
 Metaspace       used 29744K, capacity 30896K, committed 31104K, reserved 1077248K
  class space    used 3868K, capacity 4126K, committed 4224K, reserved 1048576K
}
Event: 5.310 GC heap before
{Heap before GC invocations=7 (full 1):
 PSYoungGen      total 138240K, used 76294K [0x000000076b380000, 0x0000000776800000, 0x00000007c0000000)
  eden space 127488K, 52% used [0x000000076b380000,0x000000076f509178,0x0000000773000000)
  from space 10752K, 85% used [0x0000000773000000,0x00000007738f87a0,0x0000000773a80000)
  to   space 9728K, 0% used [0x0000000775e80000,0x0000000775e80000,0x0000000776800000)
 ParOldGen       total 96768K, used 7150K [0x00000006c1a00000, 0x00000006c7880000, 0x000000076b380000)
  object space 96768K, 7% used [0x00000006c1a00000,0x00000006c20fb998,0x00000006c7880000)
 Metaspace       used 34047K, capacity 35318K, committed 35416K, reserved 1079296K
  class space    used 4371K, capacity 4649K, committed 4736K, reserved 1048576K
Event: 5.323 GC heap after
Heap after GC invocations=7 (full 1):
 PSYoungGen      total 173568K, used 9716K [0x000000076b380000, 0x0000000778f80000, 0x00000007c0000000)
  eden space 163840K, 0% used [0x000000076b380000,0x000000076b380000,0x0000000775380000)
  from space 9728K, 99% used [0x0000000775e80000,0x00000007767fd1d8,0x0000000776800000)
  to   space 11264K, 0% used [0x0000000775380000,0x0000000775380000,0x0000000775e80000)
 ParOldGen       total 96768K, used 8158K [0x00000006c1a00000, 0x00000006c7880000, 0x000000076b380000)
  object space 96768K, 8% used [0x00000006c1a00000,0x00000006c21f7818,0x00000006c7880000)
 Metaspace       used 34047K, capacity 35318K, committed 35416K, reserved 1079296K
  class space    used 4371K, capacity 4649K, committed 4736K, reserved 1048576K
}
Event: 5.323 GC heap before
{Heap before GC invocations=8 (full 2):
 PSYoungGen      total 173568K, used 9716K [0x000000076b380000, 0x0000000778f80000, 0x00000007c0000000)
  eden space 163840K, 0% used [0x000000076b380000,0x000000076b380000,0x0000000775380000)
  from space 9728K, 99% used [0x0000000775e80000,0x00000007767fd1d8,0x0000000776800000)
  to   space 11264K, 0% used [0x0000000775380000,0x0000000775380000,0x0000000775e80000)
 ParOldGen       total 96768K, used 8158K [0x00000006c1a00000, 0x00000006c7880000, 0x000000076b380000)
  object space 96768K, 8% used [0x00000006c1a00000,0x00000006c21f7818,0x00000006c7880000)
 Metaspace       used 34047K, capacity 35318K, committed 35416K, reserved 1079296K
  class space    used 4371K, capacity 4649K, committed 4736K, reserved 1048576K
Event: 5.367 GC heap after
Heap after GC invocations=8 (full 2):
 PSYoungGen      total 173568K, used 0K [0x000000076b380000, 0x0000000778f80000, 0x00000007c0000000)
  eden space 163840K, 0% used [0x000000076b380000,0x000000076b380000,0x0000000775380000)
  from space 9728K, 0% used [0x0000000775e80000,0x0000000775e80000,0x0000000776800000)
  to   space 11264K, 0% used [0x0000000775380000,0x0000000775380000,0x0000000775e80000)
 ParOldGen       total 147456K, used 15135K [0x00000006c1a00000, 0x00000006caa00000, 0x000000076b380000)
  object space 147456K, 10% used [0x00000006c1a00000,0x00000006c28c7ff8,0x00000006caa00000)
 Metaspace       used 34047K, capacity 35318K, committed 35416K, reserved 1079296K
  class space    used 4371K, capacity 4649K, committed 4736K, reserved 1048576K
}

Deoptimization events (10 events):
Event: 5.531 Thread 0x0000000023009000 Uncommon trap: reason=unstable_if action=reinterpret pc=0x0000000003802618 method=java.util.LinkedHashMap.get(Ljava/lang/Object;)Ljava/lang/Object; @ 20
Event: 5.793 Thread 0x0000000002f52800 Uncommon trap: reason=class_check action=maybe_recompile pc=0x00000000039631d8 method=java.util.AbstractList$Itr.hasNext()Z @ 8
Event: 5.793 Thread 0x0000000002f52800 Uncommon trap: reason=class_check action=maybe_recompile pc=0x0000000003b702d8 method=java.util.AbstractList$Itr.next()Ljava/lang/Object; @ 14
Event: 5.796 Thread 0x0000000002f52800 Uncommon trap: reason=class_check action=maybe_recompile pc=0x00000000039631d8 method=java.util.AbstractList$Itr.hasNext()Z @ 8
Event: 5.796 Thread 0x0000000002f52800 Uncommon trap: reason=class_check action=maybe_recompile pc=0x0000000003b702d8 method=java.util.AbstractList$Itr.next()Ljava/lang/Object; @ 14
Event: 5.796 Thread 0x0000000002f52800 Uncommon trap: reason=class_check action=maybe_recompile pc=0x00000000039631d8 method=java.util.AbstractList$Itr.hasNext()Z @ 8
Event: 5.796 Thread 0x0000000002f52800 Uncommon trap: reason=class_check action=maybe_recompile pc=0x0000000003b702d8 method=java.util.AbstractList$Itr.next()Ljava/lang/Object; @ 14
Event: 5.796 Thread 0x0000000002f52800 Uncommon trap: reason=class_check action=maybe_recompile pc=0x00000000039631d8 method=java.util.AbstractList$Itr.hasNext()Z @ 8
Event: 5.796 Thread 0x0000000002f52800 Uncommon trap: reason=class_check action=maybe_recompile pc=0x0000000003b702d8 method=java.util.AbstractList$Itr.next()Ljava/lang/Object; @ 14
Event: 5.918 Thread 0x0000000002f52800 Uncommon trap: reason=unstable_if action=reinterpret pc=0x00000000034f707c method=java.lang.ClassLoader.getClassLoadingLock(Ljava/lang/String;)Ljava/lang/Object; @ 6

Internal exceptions (10 events):
Event: 5.480 Thread 0x0000000002f52800 Exception <a 'java/lang/ClassNotFoundException': org/springframework/beans/factory/BeanClassLoaderAwareCustomizer> (0x000000076bb11de8) thrown at [C:\re\workspace\8-2-build-windows-amd64-cygwin\jdk8u151\9699\hotspot\src\share\vm\classfile\systemDictionary
Event: 5.481 Thread 0x0000000002f52800 Exception <a 'java/lang/ClassNotFoundException': org/springframework/beans/factory/AwareCustomizer> (0x000000076bb2b438) thrown at [C:\re\workspace\8-2-build-windows-amd64-cygwin\jdk8u151\9699\hotspot\src\share\vm\classfile\systemDictionary.cpp, line 210]
Event: 5.482 Thread 0x0000000002f52800 Exception <a 'java/lang/ClassNotFoundException': org/springframework/beans/factory/BeanFactoryAwareCustomizer> (0x000000076bb46e28) thrown at [C:\re\workspace\8-2-build-windows-amd64-cygwin\jdk8u151\9699\hotspot\src\share\vm\classfile\systemDictionary.cpp
Event: 5.482 Thread 0x0000000002f52800 Exception <a 'java/lang/ClassNotFoundException': org/springframework/beans/factory/AwareCustomizer> (0x000000076bb609d8) thrown at [C:\re\workspace\8-2-build-windows-amd64-cygwin\jdk8u151\9699\hotspot\src\share\vm\classfile\systemDictionary.cpp, line 210]
Event: 5.483 Thread 0x0000000002f52800 Exception <a 'java/lang/ClassNotFoundException': org/springframework/beans/factory/BeanNameAwareCustomizer> (0x000000076bb7b1d8) thrown at [C:\re\workspace\8-2-build-windows-amd64-cygwin\jdk8u151\9699\hotspot\src\share\vm\classfile\systemDictionary.cpp, l
Event: 5.484 Thread 0x0000000002f52800 Exception <a 'java/lang/ClassNotFoundException': org/springframework/beans/factory/AwareCustomizer> (0x000000076bb94758) thrown at [C:\re\workspace\8-2-build-windows-amd64-cygwin\jdk8u151\9699\hotspot\src\share\vm\classfile\systemDictionary.cpp, line 210]
Event: 5.485 Thread 0x0000000002f52800 Exception <a 'java/lang/ClassNotFoundException': org/springframework/beans/factory/InitializingBeanCustomizer> (0x000000076bbb0140) thrown at [C:\re\workspace\8-2-build-windows-amd64-cygwin\jdk8u151\9699\hotspot\src\share\vm\classfile\systemDictionary.cpp
Event: 5.486 Thread 0x0000000002f52800 Exception <a 'java/lang/ClassNotFoundException': org/springframework/beans/factory/DisposableBeanCustomizer> (0x000000076bbcb200) thrown at [C:\re\workspace\8-2-build-windows-amd64-cygwin\jdk8u151\9699\hotspot\src\share\vm\classfile\systemDictionary.cpp, 
Event: 5.487 Thread 0x0000000002f52800 Exception <a 'java/lang/ClassNotFoundException': org/springframework/orm/jpa/EntityManagerFactoryInfoCustomizer> (0x000000076bbe7fb8) thrown at [C:\re\workspace\8-2-build-windows-amd64-cygwin\jdk8u151\9699\hotspot\src\share\vm\classfile\systemDictionary.c
Event: 5.488 Thread 0x0000000002f52800 Exception <a 'java/lang/ClassNotFoundException': org/springframework/dao/support/PersistenceExceptionTranslatorCustomizer> (0x000000076bc140f8) thrown at [C:\re\workspace\8-2-build-windows-amd64-cygwin\jdk8u151\9699\hotspot\src\share\vm\classfile\systemDi

Events (10 events):
Event: 7.658 loading class org/hibernate/engine/jdbc/spi/TypeSearchability
Event: 7.658 loading class org/hibernate/engine/jdbc/spi/TypeSearchability done
Event: 7.658 loading class org/hibernate/engine/jdbc/spi/TypeNullability
Event: 7.658 loading class org/hibernate/engine/jdbc/spi/TypeNullability done
Event: 7.659 loading class org/hibernate/internal/util/collections/ArrayHelper
Event: 7.659 loading class org/hibernate/internal/util/collections/ArrayHelper done
Event: 7.669 loading class org/hibernate/engine/jdbc/env/internal/DefaultSchemaNameResolver
Event: 7.669 loading class org/hibernate/engine/jdbc/env/internal/DefaultSchemaNameResolver done
Event: 7.670 loading class com/mysql/cj/jdbc/ClientInfoProvider
Event: 7.670 loading class com/mysql/cj/jdbc/ClientInfoProvider done


Dynamic libraries:
0x00007ff759820000 - 0x00007ff759857000 	C:\Program Files\Java\jdk1.8.0_151\jre\bin\java.exe
0x00007ff990e60000 - 0x00007ff991041000 	C:\WINDOWS\SYSTEM32\ntdll.dll
0x00007ff990be0000 - 0x00007ff990c92000 	C:\WINDOWS\System32\KERNEL32.DLL
0x00007ff990960000 - 0x00007ff990bd3000 	C:\WINDOWS\System32\KERNELBASE.dll
0x00007ff98ff10000 - 0x00007ff98ffb1000 	C:\WINDOWS\System32\ADVAPI32.dll
0x00007ff98e050000 - 0x00007ff98e0ee000 	C:\WINDOWS\System32\msvcrt.dll
0x00007ff98fc70000 - 0x00007ff98fccb000 	C:\WINDOWS\System32\sechost.dll
0x00007ff98fd80000 - 0x00007ff98fea4000 	C:\WINDOWS\System32\RPCRT4.dll
0x00007ff990ca0000 - 0x00007ff990e30000 	C:\WINDOWS\System32\USER32.dll
0x00007ff98d7e0000 - 0x00007ff98d800000 	C:\WINDOWS\System32\win32u.dll
0x00007ff98e750000 - 0x00007ff98e778000 	C:\WINDOWS\System32\GDI32.dll
0x00007ff98d1f0000 - 0x00007ff98d382000 	C:\WINDOWS\System32\gdi32full.dll
0x00007ff98df10000 - 0x00007ff98dfaf000 	C:\WINDOWS\System32\msvcp_win.dll
0x00007ff98d5e0000 - 0x00007ff98d6da000 	C:\WINDOWS\System32\ucrtbase.dll
0x00007ff982b90000 - 0x00007ff982df9000 	C:\WINDOWS\WinSxS\amd64_microsoft.windows.common-controls_6595b64144ccf1df_6.0.17134.590_none_fb3d9bff3069e088\COMCTL32.dll
0x00007ff98e190000 - 0x00007ff98e4b2000 	C:\WINDOWS\System32\combase.dll
0x00007ff98dfb0000 - 0x00007ff98e02a000 	C:\WINDOWS\System32\bcryptPrimitives.dll
0x00007ff98fd50000 - 0x00007ff98fd7d000 	C:\WINDOWS\System32\IMM32.DLL
0x0000000068000000 - 0x000000006805d000 	C:\WINDOWS\System32\QIPCAP64.dll
0x00007ff98e830000 - 0x00007ff98fc70000 	C:\WINDOWS\System32\SHELL32.dll
0x00007ff98d790000 - 0x00007ff98d7d9000 	C:\WINDOWS\System32\cfgmgr32.dll
0x00007ff98e780000 - 0x00007ff98e829000 	C:\WINDOWS\System32\shcore.dll
0x00007ff98d800000 - 0x00007ff98df0d000 	C:\WINDOWS\System32\windows.storage.dll
0x00007ff98feb0000 - 0x00007ff98ff01000 	C:\WINDOWS\System32\shlwapi.dll
0x00007ff98d1b0000 - 0x00007ff98d1c1000 	C:\WINDOWS\System32\kernel.appcore.dll
0x00007ff98d1d0000 - 0x00007ff98d1ef000 	C:\WINDOWS\System32\profapi.dll
0x00007ff98d140000 - 0x00007ff98d18c000 	C:\WINDOWS\System32\powrprof.dll
0x00007ff98d130000 - 0x00007ff98d13a000 	C:\WINDOWS\System32\FLTLIB.DLL
0x00007ff98c770000 - 0x00007ff98c82e000 	C:\WINDOWS\SYSTEM32\DNSAPI.dll
0x00007ff98fce0000 - 0x00007ff98fd4c000 	C:\WINDOWS\System32\WS2_32.dll
0x00007ff98e180000 - 0x00007ff98e188000 	C:\WINDOWS\System32\NSI.dll
0x00007ff98c730000 - 0x00007ff98c768000 	C:\WINDOWS\SYSTEM32\IPHLPAPI.DLL
0x00000000697c0000 - 0x0000000069892000 	C:\Program Files\Java\jdk1.8.0_151\jre\bin\msvcr100.dll
0x0000000068f20000 - 0x00000000697bd000 	C:\Program Files\Java\jdk1.8.0_151\jre\bin\server\jvm.dll
0x00007ff98fcd0000 - 0x00007ff98fcd8000 	C:\WINDOWS\System32\PSAPI.DLL
0x00007ff97e770000 - 0x00007ff97e779000 	C:\WINDOWS\SYSTEM32\WSOCK32.dll
0x00007ff9885f0000 - 0x00007ff9885fa000 	C:\WINDOWS\SYSTEM32\VERSION.dll
0x00007ff98b0f0000 - 0x00007ff98b113000 	C:\WINDOWS\SYSTEM32\WINMM.dll
0x00007ff98b0c0000 - 0x00007ff98b0ea000 	C:\WINDOWS\SYSTEM32\winmmbase.dll
0x000000006a860000 - 0x000000006a86f000 	C:\Program Files\Java\jdk1.8.0_151\jre\bin\verify.dll
0x0000000068ef0000 - 0x0000000068f19000 	C:\Program Files\Java\jdk1.8.0_151\jre\bin\java.dll
0x0000000068ed0000 - 0x0000000068ee6000 	C:\Program Files\Java\jdk1.8.0_151\jre\bin\zip.dll
0x0000000068ec0000 - 0x0000000068ecd000 	C:\Program Files\Java\jdk1.8.0_151\jre\bin\management.dll
0x0000000068ea0000 - 0x0000000068eba000 	C:\Program Files\Java\jdk1.8.0_151\jre\bin\net.dll
0x00007ff98c9b0000 - 0x00007ff98ca16000 	C:\WINDOWS\system32\mswsock.dll
0x0000000068e80000 - 0x0000000068e91000 	C:\Program Files\Java\jdk1.8.0_151\jre\bin\nio.dll
0x00007ff977510000 - 0x00007ff977526000 	C:\WINDOWS\system32\napinsp.dll
0x00007ff9774f0000 - 0x00007ff97750a000 	C:\WINDOWS\system32\pnrpnsp.dll
0x00007ff988850000 - 0x00007ff988869000 	C:\WINDOWS\system32\NLAapi.dll
0x00007ff9774e0000 - 0x00007ff9774ee000 	C:\WINDOWS\System32\winrnr.dll
0x00007ff981ec0000 - 0x00007ff981eca000 	C:\Windows\System32\rasadhlp.dll
0x00007ff988d70000 - 0x00007ff988de2000 	C:\WINDOWS\System32\fwpuclnt.dll
0x00007ff98cc90000 - 0x00007ff98ccb5000 	C:\WINDOWS\SYSTEM32\bcrypt.dll
0x00007ff98cb60000 - 0x00007ff98cb77000 	C:\WINDOWS\SYSTEM32\CRYPTSP.dll
0x00007ff98c590000 - 0x00007ff98c5c3000 	C:\WINDOWS\system32\rsaenh.dll
0x00007ff98d030000 - 0x00007ff98d058000 	C:\WINDOWS\SYSTEM32\USERENV.dll
0x00007ff98cb80000 - 0x00007ff98cb8b000 	C:\WINDOWS\SYSTEM32\CRYPTBASE.dll
0x00007ff988d30000 - 0x00007ff988d46000 	C:\WINDOWS\SYSTEM32\dhcpcsvc6.DLL
0x00007ff988d10000 - 0x00007ff988d2a000 	C:\WINDOWS\SYSTEM32\dhcpcsvc.DLL

VM Arguments:
java_command: e:\Users\APERAL~1\AppData\Local\Temp\surefire9121339959131508916\surefirebooter5555525544594159698.jar E:\Users\aperaltap\AppData\Local\Temp\surefire9121339959131508916 2019-03-06T17-43-41_211-jvmRun1 surefire9038705597800736303tmp surefire_01991664583063390649tmp
java_class_path (initial): e:\Users\APERAL~1\AppData\Local\Temp\surefire9121339959131508916\surefirebooter5555525544594159698.jar
Launcher Type: SUN_STANDARD

Environment Variables:
JAVA_HOME=C:\Program Files\Java\jdk1.8.0_151
JRE_HOME=C:\Program Files (x86)\IBM\RationalSDLC\Common\Java5.0\jre
CLASSPATH=C:\Program Files (x86)\IBM\RationalSDLC\ClearQuest\cqjni.jar
USERNAME=aperaltap
OS=Windows_NT
PROCESSOR_IDENTIFIER=Intel64 Family 6 Model 79 Stepping 1, GenuineIntel



---------------  S Y S T E M  ---------------

OS: Windows 10.0 , 64 bit Build 17134 (10.0.17134.556)

CPU:total 8 (initial active 8) (4 cores per cpu, 2 threads per core) family 6 model 79 stepping 1, cmov, cx8, fxsr, mmx, sse, sse2, sse3, ssse3, sse4.1, sse4.2, popcnt, avx, avx2, aes, clmul, erms, rtm, 3dnowpref, lzcnt, ht, tsc, tscinvbit, bmi1, bmi2, adx

Memory: 4k page, physical 16666296k(4554192k free), swap 47746808k(2440k free)

vm_info: Java HotSpot(TM) 64-Bit Server VM (25.151-b12) for windows-amd64 JRE (1.8.0_151-b12), built on Sep  5 2017 19:33:46 by "java_re" with MS VC++ 10.0 (VS2010)

time: Wed Mar 06 17:43:50 2019
elapsed time: 7 seconds (0d 0h 0m 7s)

